#
# A fatal error has been detected by the Java Runtime Environment:
#
#  SIGSEGV (0xb) at pc=0x0000000105da3649, pid=60278, tid=8963
#
# JRE version: Java(TM) SE Runtime Environment (8.0_51-b16) (build 1.8.0_51-b16)
# Java VM: Java HotSpot(TM) 64-Bit Server VM (25.51-b03 mixed mode bsd-amd64 compressed oops)
# Problematic frame:
# V  [libjvm.dylib+0x1a3649]
#
# Failed to write core dump. Core dumps have been disabled. To enable core dumping, try "ulimit -c unlimited" before starting Java again
#
# If you would like to submit a bug report, please visit:
#   http://bugreport.java.com/bugreport/crash.jsp
#

---------------  T H R E A D  ---------------

Current thread (0x00007ff7da00a800):  GCTaskThread [stack: 0x0000000116281000,0x0000000116381000] [id=8963]

siginfo: si_signo: 11 (SIGSEGV), si_code: 1 (SEGV_MAPERR), si_addr: 0x0000000000000010

Registers:
RAX=0x0000000106415520, RBX=0x00007ff7d9d16d50, RCX=0x000000000008b003, RDX=0x0000000000458301
RSP=0x0000000116380bf0, RBP=0x0000000116380bf0, RSI=0x00000007822c1ae8, RDI=0x0000000000000008
R8 =0x0000000000000045, R9 =0x0000000000001c6d, R10=0x0000000000000001, R11=0x0000000002000000
R12=0x000000000000001b, R13=0x00000007822d0f54, R14=0x00000007822c1ae8, R15=0x00007ff7d9d16d50
RIP=0x0000000105da3649, EFLAGS=0x0000000000010202, ERR=0x0000000000000004
  TRAPNO=0x000000000000000e

Top of Stack: (sp=0x0000000116380bf0)
0x0000000116380bf0:   0000000116380c20 0000000105eb703e
0x0000000116380c00:   0000000000000000 00000007822d0ed8
0x0000000116380c10:   0000000000000043 00007ff7d9d16d50
0x0000000116380c20:   0000000116380c90 000000010605e884
0x0000000116380c30:   0000000000000043 00007ff7d9d16d50
0x0000000116380c40:   0000000116380c70 0000000105eb7069
0x0000000116380c50:   0000000116380cc0 00007ff7d9d16d50
0x0000000116380c60:   00000007c008d278 00000007822d0ed8
0x0000000116380c70:   00000007822d0ed8 0000000106415520
0x0000000116380c80:   00007ff7d9d16d50 00000007c008d640
0x0000000116380c90:   0000000116380cc0 000000010605dc28
0x0000000116380ca0:   0000000782946dc0 00007ff7d9d16d50
0x0000000116380cb0:   00007ff7d9d16d58 0000000106415520
0x0000000116380cc0:   0000000116380d50 000000010609e152
0x0000000116380cd0:   0000000116380d00 00007ff7d9d16d90
0x0000000116380ce0:   00007ff7d9d16dd8 00007ff7d9d16e10
0x0000000116380cf0:   00000007c0056690 00000007c0056698
0x0000000116380d00:   00000007822d0ed8 0000000105eb3a0f
0x0000000116380d10:   0000000116380d50 00000007817843b0
0x0000000116380d20:   0000000000000000 0000000000000000
0x0000000116380d30:   0000000116380d80 0000000106415520
0x0000000116380d40:   00007ff7d9d16d50 0000000116380d6c
0x0000000116380d50:   0000000116380db0 0000000106091bdf
0x0000000116380d60:   00007ff7dc9bdd00 53f801b705e6bb15
0x0000000116380d70:   000000078b91cd78 0000000000000200
0x0000000116380d80:   00000007817843b0 00007ff7da00a800
0x0000000116380d90:   0000000000000000 00000001061ede3b
0x0000000116380da0:   00007ff7dc9bdd00 0000000000000001
0x0000000116380db0:   0000000116380e90 0000000105e6bfc9
0x0000000116380dc0:   0000000116380df0 00007ff7d9c0b000
0x0000000116380dd0:   00007ff7d9c0b030 00007ff7d9c0b040
0x0000000116380de0:   00007ff7d9c0b418 00000000000003d8 

Instructions: (pc=0x0000000105da3649)
0x0000000105da3629:   84 d2 48 89 fe 74 15 48 8d 05 e9 1e 67 00 8a 48
0x0000000105da3639:   08 8b 7e 08 48 d3 e7 48 03 38 eb 04 48 8b 7e 08
0x0000000105da3649:   8b 47 08 85 c0 7e 09 a8 01 75 4e c1 f8 03 eb 47
0x0000000105da3659:   85 c0 7f 43 85 c0 79 41 84 d2 0f 94 c1 0f b6 c9 

Register to memory mapping:

RAX=0x0000000106415520: _ZN8Universe13_narrow_klassE+0 in /Library/Java/JavaVirtualMachines/jdk1.8.0_51.jdk/Contents/Home/jre/lib/server/libjvm.dylib at 0x0000000105c00000
RBX=0x00007ff7d9d16d50 is an unknown value
RCX=0x000000000008b003 is an unknown value
RDX=0x0000000000458301 is an unknown value
RSP=0x0000000116380bf0 is an unknown value
RBP=0x0000000116380bf0 is an unknown value
RSI=
[error occurred during error reporting (printing register info), id 0xb]

Stack: [0x0000000116281000,0x0000000116381000],  sp=0x0000000116380bf0,  free space=1022k
Native frames: (J=compiled Java code, j=interpreted, Vv=VM code, C=native code)
V  [libjvm.dylib+0x1a3649]
V  [libjvm.dylib+0x2b703e]
V  [libjvm.dylib+0x45e884]
V  [libjvm.dylib+0x45dc28]
V  [libjvm.dylib+0x49e152]
V  [libjvm.dylib+0x491bdf]
V  [libjvm.dylib+0x26bfc9]
V  [libjvm.dylib+0x46e99e]
C  [libsystem_pthread.dylib+0x405a]  _pthread_body+0x83
C  [libsystem_pthread.dylib+0x3fd7]  _pthread_body+0x0
C  [libsystem_pthread.dylib+0x13ed]  thread_start+0xd


---------------  P R O C E S S  ---------------

Java Threads: ( => current thread )
  0x00007ff7da8b9000 JavaThread "pool-1-thread-4" [_thread_blocked, id=21251, stack(0x000000011c945000,0x000000011ca45000)]
  0x00007ff7db132000 JavaThread "pool-1-thread-3" [_thread_blocked, id=20739, stack(0x000000011c842000,0x000000011c942000)]
  0x00007ff7db131800 JavaThread "pool-1-thread-2" [_thread_blocked, id=20227, stack(0x000000011c73f000,0x000000011c83f000)]
  0x00007ff7db0c3000 JavaThread "pool-2-thread-1" [_thread_blocked, id=19715, stack(0x000000011c63c000,0x000000011c73c000)]
  0x00007ff7db8ac800 JavaThread "pool-1-thread-1" [_thread_blocked, id=19203, stack(0x000000011c539000,0x000000011c639000)]
  0x00007ff7db824000 JavaThread "Service Thread" daemon [_thread_blocked, id=18179, stack(0x000000011c2e8000,0x000000011c3e8000)]
  0x00007ff7da01b800 JavaThread "C1 CompilerThread2" daemon [_thread_blocked, id=17667, stack(0x000000011c1e5000,0x000000011c2e5000)]
  0x00007ff7da01b000 JavaThread "C2 CompilerThread1" daemon [_thread_blocked, id=17155, stack(0x000000011c0e2000,0x000000011c1e2000)]
  0x00007ff7db81b000 JavaThread "C2 CompilerThread0" daemon [_thread_in_native, id=16643, stack(0x000000011bfdf000,0x000000011c0df000)]
  0x00007ff7db81a800 JavaThread "Signal Dispatcher" daemon [_thread_blocked, id=12819, stack(0x000000011bedc000,0x000000011bfdc000)]
  0x00007ff7da011000 JavaThread "Finalizer" daemon [_thread_blocked, id=12035, stack(0x000000011a53a000,0x000000011a63a000)]
  0x00007ff7db80a800 JavaThread "Reference Handler" daemon [_thread_blocked, id=11523, stack(0x000000011a437000,0x000000011a537000)]
  0x00007ff7da80a000 JavaThread "main" [_thread_blocked, id=5379, stack(0x000000010526b000,0x000000010536b000)]

Other Threads:
  0x00007ff7da83d800 VMThread [stack: 0x000000011a334000,0x000000011a434000] [id=11011]
  0x00007ff7db802800 WatcherThread [stack: 0x000000011c3eb000,0x000000011c4eb000] [id=18691]

=>0x00007ff7da00a800 (exited) GCTaskThread [stack: 0x0000000116281000,0x0000000116381000] [id=8963]

VM state:at safepoint (normal execution)

VM Mutex/Monitor currently owned by a thread:  ([mutex/lock_event])
[0x00007ff7d9f013a0] Threads_lock - owner thread: 0x00007ff7da83d800
[0x00007ff7d9f018a0] Heap_lock - owner thread: 0x00007ff7db132000

Heap:
 PSYoungGen      total 232960K, used 35525K [0x00000007aab00000, 0x00000007c0000000, 0x00000007c0000000)
  eden space 116736K, 0% used [0x00000007aab00000,0x00000007aab00000,0x00000007b1d00000)
  from space 116224K, 30% used [0x00000007b8e80000,0x00000007bb131628,0x00000007c0000000)
  to   space 116224K, 0% used [0x00000007b1d00000,0x00000007b1d00000,0x00000007b8e80000)
 ParOldGen       total 307712K, used 300096K [0x0000000780000000, 0x0000000792c80000, 0x00000007aab00000)
  object space 307712K, 97% used [0x0000000780000000,0x00000007925100c8,0x0000000792c80000)
 Metaspace       used 6389K, capacity 7220K, committed 7296K, reserved 1056768K
  class space    used 606K, capacity 620K, committed 640K, reserved 1048576K

Card table byte_map: [0x0000000115f29000,0x000000011612a000] byte_map_base: 0x0000000112329000

Marking Bits: (ParMarkBitMap*) 0x00000001064c27a0
 Begin Bits: [0x000000011668c000, 0x000000011768c000)
 End Bits:   [0x000000011768c000, 0x000000011868c000)

Polling page: 0x00000001053b0000

CodeCache: size=245760Kb used=10842Kb max_used=10842Kb free=234917Kb
 bounds [0x0000000106b69000, 0x0000000107639000, 0x0000000115b69000]
 total_blobs=2529 nmethods=2260 adapters=182
 compilation: enabled

Compilation events (10 events):
Event: 25.395 Thread 0x00007ff7da01b800 2680       3       com.android.dx.ssa.SsaBasicBlock::forEachInsn (37 bytes)
Event: 25.396 Thread 0x00007ff7da01b800 nmethod 2680 0x0000000106c87010 code [0x0000000106c871e0, 0x0000000106c87868]
Event: 25.492 Thread 0x00007ff7da01b800 2681       1       com.android.dx.cf.attrib.AttDeprecated::byteLength (3 bytes)
Event: 25.492 Thread 0x00007ff7da01b800 nmethod 2681 0x0000000106c8b910 code [0x0000000106c8ba60, 0x0000000106c8bb70]
Event: 25.495 Thread 0x00007ff7da01b000 nmethod 2660 0x0000000106c79a90 code [0x0000000106c7a460, 0x0000000106c7ae38]
Event: 25.495 Thread 0x00007ff7da01b000 2667       4       com.android.dx.ssa.LocalVariableExtractor::processBlock (383 bytes)
Event: 26.377 Thread 0x00007ff7da01b800 2687 % !   3       com.android.dx.cf.code.Merger::mergeStack @ 35 (192 bytes)
Event: 26.380 Thread 0x00007ff7da01b800 nmethod 2687% 0x0000000107612dd0 code [0x0000000107613180, 0x0000000107615258]
Event: 26.466 Thread 0x00007ff7da01b800 2690       2       java.util.HashMap$TreeNode::treeify (221 bytes)
Event: 26.467 Thread 0x00007ff7da01b800 nmethod 2690 0x0000000106d4f8d0 code [0x0000000106d4fa80, 0x0000000106d50008]

GC Heap History (10 events):
Event: 22.012 GC heap after
Heap after GC invocations=14 (full 2):
 PSYoungGen      total 239616K, used 80397K [0x00000007aab00000, 0x00000007c0000000, 0x00000007c0000000)
  eden space 151552K, 0% used [0x00000007aab00000,0x00000007aab00000,0x00000007b3f00000)
  from space 88064K, 91% used [0x00000007baa00000,0x00000007bf883598,0x00000007c0000000)
  to   space 98816K, 0% used [0x00000007b3f00000,0x00000007b3f00000,0x00000007b9f80000)
 ParOldGen       total 307712K, used 173332K [0x0000000780000000, 0x0000000792c80000, 0x00000007aab00000)
  object space 307712K, 56% used [0x0000000780000000,0x000000078a9452c0,0x0000000792c80000)
 Metaspace       used 6381K, capacity 7220K, committed 7296K, reserved 1056768K
  class space    used 606K, capacity 620K, committed 640K, reserved 1048576K
}
Event: 23.641 GC heap before
{Heap before GC invocations=15 (full 2):
 PSYoungGen      total 239616K, used 231949K [0x00000007aab00000, 0x00000007c0000000, 0x00000007c0000000)
  eden space 151552K, 100% used [0x00000007aab00000,0x00000007b3f00000,0x00000007b3f00000)
  from space 88064K, 91% used [0x00000007baa00000,0x00000007bf883598,0x00000007c0000000)
  to   space 98816K, 0% used [0x00000007b3f00000,0x00000007b3f00000,0x00000007b9f80000)
 ParOldGen       total 307712K, used 173332K [0x0000000780000000, 0x0000000792c80000, 0x00000007aab00000)
  object space 307712K, 56% used [0x0000000780000000,0x000000078a9452c0,0x0000000792c80000)
 Metaspace       used 6383K, capacity 7220K, committed 7296K, reserved 1056768K
  class space    used 606K, capacity 620K, committed 640K, reserved 1048576K
Event: 23.816 GC heap after
Heap after GC invocations=15 (full 2):
 PSYoungGen      total 250368K, used 98814K [0x00000007aab00000, 0x00000007c0000000, 0x00000007c0000000)
  eden space 151552K, 0% used [0x00000007aab00000,0x00000007aab00000,0x00000007b3f00000)
  from space 98816K, 99% used [0x00000007b3f00000,0x00000007b9f7f898,0x00000007b9f80000)
  to   space 98816K, 0% used [0x00000007b9f80000,0x00000007b9f80000,0x00000007c0000000)
 ParOldGen       total 307712K, used 177753K [0x0000000780000000, 0x0000000792c80000, 0x00000007aab00000)
  object space 307712K, 57% used [0x0000000780000000,0x000000078ad967c0,0x0000000792c80000)
 Metaspace       used 6383K, capacity 7220K, committed 7296K, reserved 1056768K
  class space    used 606K, capacity 620K, committed 640K, reserved 1048576K
}
Event: 24.788 GC heap before
{Heap before GC invocations=16 (full 2):
 PSYoungGen      total 250368K, used 250366K [0x00000007aab00000, 0x00000007c0000000, 0x00000007c0000000)
  eden space 151552K, 100% used [0x00000007aab00000,0x00000007b3f00000,0x00000007b3f00000)
  from space 98816K, 99% used [0x00000007b3f00000,0x00000007b9f7f898,0x00000007b9f80000)
  to   space 98816K, 0% used [0x00000007b9f80000,0x00000007b9f80000,0x00000007c0000000)
 ParOldGen       total 307712K, used 177753K [0x0000000780000000, 0x0000000792c80000, 0x00000007aab00000)
  object space 307712K, 57% used [0x0000000780000000,0x000000078ad967c0,0x0000000792c80000)
 Metaspace       used 6385K, capacity 7220K, committed 7296K, reserved 1056768K
  class space    used 606K, capacity 620K, committed 640K, reserved 1048576K
Event: 25.002 GC heap after
Heap after GC invocations=16 (full 2):
 PSYoungGen      total 215552K, used 91993K [0x00000007aab00000, 0x00000007c0000000, 0x00000007c0000000)
  eden space 116736K, 0% used [0x00000007aab00000,0x00000007aab00000,0x00000007b1d00000)
  from space 98816K, 93% used [0x00000007b9f80000,0x00000007bf956530,0x00000007c0000000)
  to   space 116224K, 0% used [0x00000007b1d00000,0x00000007b1d00000,0x00000007b8e80000)
 ParOldGen       total 307712K, used 207808K [0x0000000780000000, 0x0000000792c80000, 0x00000007aab00000)
  object space 307712K, 67% used [0x0000000780000000,0x000000078caf00d8,0x0000000792c80000)
 Metaspace       used 6385K, capacity 7220K, committed 7296K, reserved 1056768K
  class space    used 606K, capacity 620K, committed 640K, reserved 1048576K
}
Event: 25.520 GC heap before
{Heap before GC invocations=17 (full 2):
 PSYoungGen      total 215552K, used 208729K [0x00000007aab00000, 0x00000007c0000000, 0x00000007c0000000)
  eden space 116736K, 100% used [0x00000007aab00000,0x00000007b1d00000,0x00000007b1d00000)
  from space 98816K, 93% used [0x00000007b9f80000,0x00000007bf956530,0x00000007c0000000)
  to   space 116224K, 0% used [0x00000007b1d00000,0x00000007b1d00000,0x00000007b8e80000)
 ParOldGen       total 307712K, used 207808K [0x0000000780000000, 0x0000000792c80000, 0x00000007aab00000)
  object space 307712K, 67% used [0x0000000780000000,0x000000078caf00d8,0x0000000792c80000)
 Metaspace       used 6387K, capacity 7220K, committed 7296K, reserved 1056768K
  class space    used 606K, capacity 620K, committed 640K, reserved 1048576K
Event: 25.815 GC heap after
Heap after GC invocations=17 (full 2):
 PSYoungGen      total 232960K, used 63193K [0x00000007aab00000, 0x00000007c0000000, 0x00000007c0000000)
  eden space 116736K, 0% used [0x00000007aab00000,0x00000007aab00000,0x00000007b1d00000)
  from space 116224K, 54% used [0x00000007b1d00000,0x00000007b5ab6798,0x00000007b8e80000)
  to   space 116224K, 0% used [0x00000007b8e80000,0x00000007b8e80000,0x00000007c0000000)
 ParOldGen       total 307712K, used 254014K [0x0000000780000000, 0x0000000792c80000, 0x00000007aab00000)
  object space 307712K, 82% used [0x0000000780000000,0x000000078f80f808,0x0000000792c80000)
 Metaspace       used 6387K, capacity 7220K, committed 7296K, reserved 1056768K
  class space    used 606K, capacity 620K, committed 640K, reserved 1048576K
}
Event: 26.524 GC heap before
{Heap before GC invocations=18 (full 2):
 PSYoungGen      total 232960K, used 179929K [0x00000007aab00000, 0x00000007c0000000, 0x00000007c0000000)
  eden space 116736K, 100% used [0x00000007aab00000,0x00000007b1d00000,0x00000007b1d00000)
  from space 116224K, 54% used [0x00000007b1d00000,0x00000007b5ab6798,0x00000007b8e80000)
  to   space 116224K, 0% used [0x00000007b8e80000,0x00000007b8e80000,0x00000007c0000000)
 ParOldGen       total 307712K, used 254014K [0x0000000780000000, 0x0000000792c80000, 0x00000007aab00000)
  object space 307712K, 82% used [0x0000000780000000,0x000000078f80f808,0x0000000792c80000)
 Metaspace       used 6389K, capacity 7220K, committed 7296K, reserved 1056768K
  class space    used 606K, capacity 620K, committed 640K, reserved 1048576K
Event: 26.878 GC heap after
Heap after GC invocations=18 (full 2):
 PSYoungGen      total 232960K, used 35525K [0x00000007aab00000, 0x00000007c0000000, 0x00000007c0000000)
  eden space 116736K, 0% used [0x00000007aab00000,0x00000007aab00000,0x00000007b1d00000)
  from space 116224K, 30% used [0x00000007b8e80000,0x00000007bb131628,0x00000007c0000000)
  to   space 116224K, 0% used [0x00000007b1d00000,0x00000007b1d00000,0x00000007b8e80000)
 ParOldGen       total 307712K, used 300096K [0x0000000780000000, 0x0000000792c80000, 0x00000007aab00000)
  object space 307712K, 97% used [0x0000000780000000,0x00000007925100c8,0x0000000792c80000)
 Metaspace       used 6389K, capacity 7220K, committed 7296K, reserved 1056768K
  class space    used 606K, capacity 620K, committed 640K, reserved 1048576K
}
Event: 26.878 GC heap before
{Heap before GC invocations=19 (full 3):
 PSYoungGen      total 232960K, used 35525K [0x00000007aab00000, 0x00000007c0000000, 0x00000007c0000000)
  eden space 116736K, 0% used [0x00000007aab00000,0x00000007aab00000,0x00000007b1d00000)
  from space 116224K, 30% used [0x00000007b8e80000,0x00000007bb131628,0x00000007c0000000)
  to   space 116224K, 0% used [0x00000007b1d00000,0x00000007b1d00000,0x00000007b8e80000)
 ParOldGen       total 307712K, used 300096K [0x0000000780000000, 0x0000000792c80000, 0x00000007aab00000)
  object space 307712K, 97% used [0x0000000780000000,0x00000007925100c8,0x0000000792c80000)
 Metaspace       used 6389K, capacity 7220K, committed 7296K, reserved 1056768K
  class space    used 606K, capacity 620K, committed 640K, reserved 1048576K

Deoptimization events (10 events):
Event: 14.199 Thread 0x00007ff7db132000 Uncommon trap: reason=bimorphic action=maybe_recompile pc=0x000000010741ef74 method=com.android.dx.cf.code.BytecodeArray.parseInstruction(ILcom/android/dx/cf/code/BytecodeArray$Visitor;)I @ 891
Event: 14.903 Thread 0x00007ff7db131800 Uncommon trap: reason=unstable_if action=reinterpret pc=0x000000010749c95c method=com.android.dx.rop.code.LocalVariableInfo.mergeStarts(ILcom/android/dx/rop/code/RegisterSpecSet;)Z @ 31
Event: 16.321 Thread 0x00007ff7db8ac800 Uncommon trap: reason=unstable_if action=reinterpret pc=0x00000001074e5418 method=com.android.dx.cf.code.BytecodeArray.parseInstruction(ILcom/android/dx/cf/code/BytecodeArray$Visitor;)I @ 1261
Event: 19.493 Thread 0x00007ff7db131800 Uncommon trap: reason=unstable_if action=reinterpret pc=0x0000000107567640 method=com.android.dx.ssa.SsaRenamer.equalsHandlesNulls(Ljava/lang/Object;Ljava/lang/Object;)Z @ 2
Event: 20.907 Thread 0x00007ff7da8b9000 Uncommon trap: reason=unstable_if action=reinterpret pc=0x00000001075b220c method=com.android.dx.rop.code.RegisterSpecSet.equals(Ljava/lang/Object;)Z @ 41
Event: 21.501 Thread 0x00007ff7db131800 Uncommon trap: reason=unstable_if action=reinterpret pc=0x00000001070200d0 method=java.util.HashMap.getNode(ILjava/lang/Object;)Ljava/util/HashMap$Node; @ 84
Event: 23.950 Thread 0x00007ff7da80a000 Uncommon trap: reason=unstable_if action=reinterpret pc=0x00000001073fea4c method=java.util.HashMap.putVal(ILjava/lang/Object;Ljava/lang/Object;ZZ)Ljava/lang/Object; @ 109
Event: 24.552 Thread 0x00007ff7db8ac800 Uncommon trap: reason=unstable_if action=reinterpret pc=0x00000001075db9b0 method=com.android.dx.ssa.PhiInsn.hasSideEffect()Z @ 10
Event: 25.154 Thread 0x00007ff7da8b9000 Uncommon trap: reason=unstable_if action=reinterpret pc=0x00000001076198a0 method=com.android.dx.rop.code.LocalVariableInfo.mergeStarts(ILcom/android/dx/rop/code/RegisterSpecSet;)Z @ 56
Event: 25.392 Thread 0x00007ff7db8ac800 Uncommon trap: reason=unstable_if action=reinterpret pc=0x0000000107629ad0 method=com.android.dx.ssa.SsaRenamer$BlockRenamer.visitMoveInsn(Lcom/android/dx/ssa/NormalSsaInsn;)V @ 104

Internal exceptions (10 events):
Event: 0.660 Thread 0x00007ff7da80a000 Exception <a 'java/util/zip/ZipException'> (0x00000007aad1e928) thrown at [/Users/java_re/workspace/8-2-build-macosx-x86_64/jdk8u51/3951/hotspot/src/share/vm/prims/jni.cpp, line 709]
Event: 0.660 Thread 0x00007ff7da80a000 Exception <a 'java/security/PrivilegedActionException'> (0x00000007aad1ead8) thrown at [/Users/java_re/workspace/8-2-build-macosx-x86_64/jdk8u51/3951/hotspot/src/share/vm/prims/jvm.cpp, line 1382]
Event: 0.660 Thread 0x00007ff7da80a000 Exception <a 'java/security/PrivilegedActionException'> (0x00000007aad1ec90) thrown at [/Users/java_re/workspace/8-2-build-macosx-x86_64/jdk8u51/3951/hotspot/src/share/vm/prims/jvm.cpp, line 1382]
Event: 0.671 Thread 0x00007ff7da80a000 Exception <a 'java/util/zip/ZipException'> (0x00000007aad30878) thrown at [/Users/java_re/workspace/8-2-build-macosx-x86_64/jdk8u51/3951/hotspot/src/share/vm/prims/jni.cpp, line 709]
Event: 0.672 Thread 0x00007ff7da80a000 Exception <a 'java/security/PrivilegedActionException'> (0x00000007aad30a28) thrown at [/Users/java_re/workspace/8-2-build-macosx-x86_64/jdk8u51/3951/hotspot/src/share/vm/prims/jvm.cpp, line 1382]
Event: 0.672 Thread 0x00007ff7da80a000 Exception <a 'java/security/PrivilegedActionException'> (0x00000007aad30be0) thrown at [/Users/java_re/workspace/8-2-build-macosx-x86_64/jdk8u51/3951/hotspot/src/share/vm/prims/jvm.cpp, line 1382]
Event: 2.175 Thread 0x00007ff7db132000 Implicit null exception at 0x0000000106e26be2 to 0x0000000106e26cdb
Event: 4.496 Thread 0x00007ff7da8b9000 Exception <a 'java/lang/ArrayIndexOutOfBoundsException': 18> (0x00000007ae754718) thrown at [/Users/java_re/workspace/8-2-build-macosx-x86_64/jdk8u51/3951/hotspot/src/share/vm/interpreter/interpreterRuntime.cpp, line 366]
Event: 4.497 Thread 0x00007ff7da8b9000 Exception <a 'java/lang/ArrayIndexOutOfBoundsException': 145> (0x00000007ae7561e8) thrown at [/Users/java_re/workspace/8-2-build-macosx-x86_64/jdk8u51/3951/hotspot/src/share/vm/interpreter/interpreterRuntime.cpp, line 366]
Event: 4.498 Thread 0x00007ff7da8b9000 Exception <a 'java/lang/ArrayIndexOutOfBoundsException': 40> (0x00000007ae757420) thrown at [/Users/java_re/workspace/8-2-build-macosx-x86_64/jdk8u51/3951/hotspot/src/share/vm/interpreter/interpreterRuntime.cpp, line 366]

Events (10 events):
Event: 26.393 Thread 0x00007ff7db132000 DEOPT UNPACKING pc=0x0000000106bb0633 sp=0x000000011c940da0 mode 0
Event: 26.417 Thread 0x00007ff7db132000 DEOPT PACKING pc=0x0000000106eef074 sp=0x000000011c941150
Event: 26.417 Thread 0x00007ff7db132000 DEOPT UNPACKING pc=0x0000000106bb0633 sp=0x000000011c940e50 mode 0
Event: 26.459 Thread 0x00007ff7da8b9000 DEOPT PACKING pc=0x0000000107010a91 sp=0x000000011ca43f50
Event: 26.459 Thread 0x00007ff7da8b9000 DEOPT UNPACKING pc=0x0000000106bb0633 sp=0x000000011ca43da0 mode 0
Event: 26.497 Thread 0x00007ff7da80a000 DEOPT PACKING pc=0x0000000106eef074 sp=0x0000000105369140
Event: 26.497 Thread 0x00007ff7da80a000 DEOPT UNPACKING pc=0x0000000106bb0633 sp=0x0000000105368e40 mode 0
Event: 26.498 Thread 0x00007ff7da8b9000 DEOPT PACKING pc=0x0000000107010a91 sp=0x000000011ca43f50
Event: 26.498 Thread 0x00007ff7da8b9000 DEOPT UNPACKING pc=0x0000000106bb0633 sp=0x000000011ca43da0 mode 0
Event: 26.524 Executing VM operation: ParallelGCFailedAllocation


Dynamic libraries:
0x0000000008185000 	/System/Library/Frameworks/Cocoa.framework/Versions/A/Cocoa
0x0000000008185000 	/System/Library/Frameworks/Security.framework/Versions/A/Security
0x0000000008185000 	/System/Library/Frameworks/ApplicationServices.framework/Versions/A/ApplicationServices
0x0000000008185000 	/usr/lib/libz.1.dylib
0x0000000008185000 	/usr/lib/libSystem.B.dylib
0x0000000008185000 	/usr/lib/libobjc.A.dylib
0x0000000008185000 	/System/Library/Frameworks/CoreFoundation.framework/Versions/A/CoreFoundation
0x0000000008185000 	/System/Library/Frameworks/Foundation.framework/Versions/C/Foundation
0x0000000008185000 	/System/Library/Frameworks/AppKit.framework/Versions/C/AppKit
0x0000000008185000 	/System/Library/Frameworks/CoreData.framework/Versions/A/CoreData
0x0000000008185000 	/System/Library/PrivateFrameworks/RemoteViewServices.framework/Versions/A/RemoteViewServices
0x0000000008185000 	/System/Library/PrivateFrameworks/UIFoundation.framework/Versions/A/UIFoundation
0x0000000008185000 	/System/Library/Frameworks/IOSurface.framework/Versions/A/IOSurface
0x0000000008185000 	/System/Library/Frameworks/AudioToolbox.framework/Versions/A/AudioToolbox
0x0000000008185000 	/System/Library/Frameworks/AudioUnit.framework/Versions/A/AudioUnit
0x0000000008185000 	/System/Library/PrivateFrameworks/DataDetectorsCore.framework/Versions/A/DataDetectorsCore
0x0000000008185000 	/System/Library/PrivateFrameworks/DesktopServicesPriv.framework/Versions/A/DesktopServicesPriv
0x0000000008185000 	/System/Library/Frameworks/Carbon.framework/Versions/A/Frameworks/HIToolbox.framework/Versions/A/HIToolbox
0x0000000008185000 	/System/Library/Frameworks/QuartzCore.framework/Versions/A/QuartzCore
0x0000000008185000 	/System/Library/Frameworks/Carbon.framework/Versions/A/Frameworks/SpeechRecognition.framework/Versions/A/SpeechRecognition
0x0000000008185000 	/usr/lib/libauto.dylib
0x0000000008185000 	/usr/lib/libicucore.A.dylib
0x0000000008185000 	/usr/lib/libxml2.2.dylib
0x0000000008185000 	/System/Library/PrivateFrameworks/CoreUI.framework/Versions/A/CoreUI
0x0000000008185000 	/System/Library/Frameworks/CoreAudio.framework/Versions/A/CoreAudio
0x0000000008185000 	/System/Library/Frameworks/DiskArbitration.framework/Versions/A/DiskArbitration
0x0000000008185000 	/usr/lib/liblangid.dylib
0x0000000008185000 	/System/Library/PrivateFrameworks/MultitouchSupport.framework/Versions/A/MultitouchSupport
0x0000000008185000 	/System/Library/Frameworks/IOKit.framework/Versions/A/IOKit
0x0000000008185000 	/usr/lib/libDiagnosticMessagesClient.dylib
0x0000000008185000 	/System/Library/Frameworks/CoreServices.framework/Versions/A/CoreServices
0x0000000008185000 	/System/Library/PrivateFrameworks/PerformanceAnalysis.framework/Versions/A/PerformanceAnalysis
0x0000000008185000 	/System/Library/PrivateFrameworks/GenerationalStorage.framework/Versions/A/GenerationalStorage
0x0000000008185000 	/System/Library/Frameworks/OpenGL.framework/Versions/A/OpenGL
0x0000000008185000 	/System/Library/PrivateFrameworks/Sharing.framework/Versions/A/Sharing
0x0000000008185000 	/System/Library/Frameworks/CoreGraphics.framework/Versions/A/CoreGraphics
0x0000000008185000 	/System/Library/Frameworks/CoreText.framework/Versions/A/CoreText
0x0000000008185000 	/System/Library/Frameworks/ImageIO.framework/Versions/A/ImageIO
0x0000000008185000 	/usr/lib/libextension.dylib
0x0000000008185000 	/System/Library/PrivateFrameworks/Backup.framework/Versions/A/Backup
0x0000000008185000 	/usr/lib/libarchive.2.dylib
0x0000000008185000 	/System/Library/Frameworks/CFNetwork.framework/Versions/A/CFNetwork
0x0000000008185000 	/System/Library/Frameworks/SystemConfiguration.framework/Versions/A/SystemConfiguration
0x0000000008185000 	/usr/lib/libCRFSuite.dylib
0x0000000008185000 	/usr/lib/libc++.1.dylib
0x0000000008185000 	/usr/lib/libc++abi.dylib
0x0000000008185000 	/usr/lib/system/libcache.dylib
0x0000000008185000 	/usr/lib/system/libcommonCrypto.dylib
0x0000000008185000 	/usr/lib/system/libcompiler_rt.dylib
0x0000000008185000 	/usr/lib/system/libcopyfile.dylib
0x0000000008185000 	/usr/lib/system/libcorecrypto.dylib
0x0000000008185000 	/usr/lib/system/libdispatch.dylib
0x0000000008185000 	/usr/lib/system/libdyld.dylib
0x0000000008185000 	/usr/lib/system/libkeymgr.dylib
0x0000000008185000 	/usr/lib/system/liblaunch.dylib
0x0000000008185000 	/usr/lib/system/libmacho.dylib
0x0000000008185000 	/usr/lib/system/libquarantine.dylib
0x0000000008185000 	/usr/lib/system/libremovefile.dylib
0x0000000008185000 	/usr/lib/system/libsystem_asl.dylib
0x0000000008185000 	/usr/lib/system/libsystem_blocks.dylib
0x0000000008185000 	/usr/lib/system/libsystem_c.dylib
0x0000000008185000 	/usr/lib/system/libsystem_configuration.dylib
0x0000000008185000 	/usr/lib/system/libsystem_coreservices.dylib
0x0000000008185000 	/usr/lib/system/libsystem_coretls.dylib
0x0000000008185000 	/usr/lib/system/libsystem_dnssd.dylib
0x0000000008185000 	/usr/lib/system/libsystem_info.dylib
0x0000000008185000 	/usr/lib/system/libsystem_kernel.dylib
0x0000000008185000 	/usr/lib/system/libsystem_m.dylib
0x0000000008185000 	/usr/lib/system/libsystem_malloc.dylib
0x0000000008185000 	/usr/lib/system/libsystem_network.dylib
0x0000000008185000 	/usr/lib/system/libsystem_networkextension.dylib
0x0000000008185000 	/usr/lib/system/libsystem_notify.dylib
0x0000000008185000 	/usr/lib/system/libsystem_platform.dylib
0x0000000008185000 	/usr/lib/system/libsystem_pthread.dylib
0x0000000008185000 	/usr/lib/system/libsystem_sandbox.dylib
0x0000000008185000 	/usr/lib/system/libsystem_secinit.dylib
0x0000000008185000 	/usr/lib/system/libsystem_stats.dylib
0x0000000008185000 	/usr/lib/system/libsystem_trace.dylib
0x0000000008185000 	/usr/lib/system/libunc.dylib
0x0000000008185000 	/usr/lib/system/libunwind.dylib
0x0000000008185000 	/usr/lib/system/libxpc.dylib
0x0000000008185000 	/usr/lib/libbz2.1.0.dylib
0x0000000008185000 	/usr/lib/liblzma.5.dylib
0x0000000008185000 	/usr/lib/libbsm.0.dylib
0x0000000008185000 	/usr/lib/libsqlite3.dylib
0x0000000008185000 	/usr/lib/system/libkxld.dylib
0x0000000008185000 	/usr/lib/libxar.1.dylib
0x0000000008185000 	/usr/lib/libpam.2.dylib
0x0000000008185000 	/usr/lib/libOpenScriptingUtil.dylib
0x0000000008185000 	/System/Library/Frameworks/CoreServices.framework/Versions/A/Frameworks/FSEvents.framework/Versions/A/FSEvents
0x0000000008185000 	/System/Library/Frameworks/CoreServices.framework/Versions/A/Frameworks/CarbonCore.framework/Versions/A/CarbonCore
0x0000000008185000 	/System/Library/Frameworks/CoreServices.framework/Versions/A/Frameworks/Metadata.framework/Versions/A/Metadata
0x0000000008185000 	/System/Library/Frameworks/CoreServices.framework/Versions/A/Frameworks/OSServices.framework/Versions/A/OSServices
0x0000000008185000 	/System/Library/Frameworks/CoreServices.framework/Versions/A/Frameworks/SearchKit.framework/Versions/A/SearchKit
0x0000000008185000 	/System/Library/Frameworks/CoreServices.framework/Versions/A/Frameworks/AE.framework/Versions/A/AE
0x0000000008185000 	/System/Library/Frameworks/CoreServices.framework/Versions/A/Frameworks/LaunchServices.framework/Versions/A/LaunchServices
0x0000000008185000 	/System/Library/Frameworks/CoreServices.framework/Versions/A/Frameworks/DictionaryServices.framework/Versions/A/DictionaryServices
0x0000000008185000 	/System/Library/Frameworks/NetFS.framework/Versions/A/NetFS
0x0000000008185000 	/System/Library/PrivateFrameworks/NetAuth.framework/Versions/A/NetAuth
0x0000000008185000 	/System/Library/PrivateFrameworks/login.framework/Versions/A/Frameworks/loginsupport.framework/Versions/A/loginsupport
0x0000000008185000 	/System/Library/PrivateFrameworks/TCC.framework/Versions/A/TCC
0x0000000008185000 	/usr/lib/libmecabra.dylib
0x0000000008185000 	/System/Library/Frameworks/ApplicationServices.framework/Versions/A/Frameworks/ATS.framework/Versions/A/ATS
0x0000000008185000 	/System/Library/Frameworks/ApplicationServices.framework/Versions/A/Frameworks/ColorSync.framework/Versions/A/ColorSync
0x0000000008185000 	/System/Library/Frameworks/ApplicationServices.framework/Versions/A/Frameworks/HIServices.framework/Versions/A/HIServices
0x0000000008185000 	/System/Library/Frameworks/ApplicationServices.framework/Versions/A/Frameworks/LangAnalysis.framework/Versions/A/LangAnalysis
0x0000000008185000 	/System/Library/Frameworks/ApplicationServices.framework/Versions/A/Frameworks/PrintCore.framework/Versions/A/PrintCore
0x0000000008185000 	/System/Library/Frameworks/ApplicationServices.framework/Versions/A/Frameworks/QD.framework/Versions/A/QD
0x0000000008185000 	/System/Library/Frameworks/ApplicationServices.framework/Versions/A/Frameworks/SpeechSynthesis.framework/Versions/A/SpeechSynthesis
0x0000000008185000 	/System/Library/Frameworks/Accelerate.framework/Versions/A/Accelerate
0x0000000008185000 	/System/Library/Frameworks/Accelerate.framework/Versions/A/Frameworks/vImage.framework/Versions/A/vImage
0x0000000008185000 	/System/Library/Frameworks/Accelerate.framework/Versions/A/Frameworks/vecLib.framework/Versions/A/vecLib
0x0000000008185000 	/System/Library/Frameworks/Accelerate.framework/Versions/A/Frameworks/vecLib.framework/Versions/A/libvDSP.dylib
0x0000000008185000 	/System/Library/Frameworks/Accelerate.framework/Versions/A/Frameworks/vecLib.framework/Versions/A/libvMisc.dylib
0x0000000008185000 	/System/Library/Frameworks/Accelerate.framework/Versions/A/Frameworks/vecLib.framework/Versions/A/libLAPACK.dylib
0x0000000008185000 	/System/Library/Frameworks/Accelerate.framework/Versions/A/Frameworks/vecLib.framework/Versions/A/libBLAS.dylib
0x0000000008185000 	/System/Library/Frameworks/Accelerate.framework/Versions/A/Frameworks/vecLib.framework/Versions/A/libLinearAlgebra.dylib
0x0000000008185000 	/System/Library/Frameworks/ApplicationServices.framework/Versions/A/Frameworks/ATS.framework/Versions/A/Resources/libFontParser.dylib
0x0000000008185000 	/System/Library/Frameworks/ApplicationServices.framework/Versions/A/Frameworks/ATS.framework/Versions/A/Resources/libFontRegistry.dylib
0x0000000008185000 	/System/Library/PrivateFrameworks/AppleVPA.framework/Versions/A/AppleVPA
0x0000000008185000 	/System/Library/PrivateFrameworks/AppleJPEG.framework/Versions/A/AppleJPEG
0x0000000008185000 	/System/Library/Frameworks/ImageIO.framework/Versions/A/Resources/libJPEG.dylib
0x0000000008185000 	/System/Library/Frameworks/ImageIO.framework/Versions/A/Resources/libTIFF.dylib
0x0000000008185000 	/System/Library/Frameworks/ImageIO.framework/Versions/A/Resources/libPng.dylib
0x0000000008185000 	/System/Library/Frameworks/ImageIO.framework/Versions/A/Resources/libGIF.dylib
0x0000000008185000 	/System/Library/Frameworks/ImageIO.framework/Versions/A/Resources/libJP2.dylib
0x0000000008185000 	/System/Library/Frameworks/ImageIO.framework/Versions/A/Resources/libRadiance.dylib
0x0000000008185000 	/System/Library/Frameworks/CoreVideo.framework/Versions/A/CoreVideo
0x0000000008185000 	/System/Library/Frameworks/OpenGL.framework/Versions/A/Libraries/libGLU.dylib
0x0000000008185000 	/System/Library/Frameworks/OpenGL.framework/Versions/A/Libraries/libGFXShared.dylib
0x0000000008185000 	/System/Library/Frameworks/OpenGL.framework/Versions/A/Libraries/libGL.dylib
0x0000000008185000 	/System/Library/Frameworks/OpenGL.framework/Versions/A/Libraries/libGLImage.dylib
0x0000000008185000 	/System/Library/Frameworks/OpenGL.framework/Versions/A/Libraries/libCVMSPluginSupport.dylib
0x0000000008185000 	/System/Library/Frameworks/OpenGL.framework/Versions/A/Libraries/libCoreVMClient.dylib
0x0000000008185000 	/usr/lib/libcups.2.dylib
0x0000000008185000 	/System/Library/Frameworks/Kerberos.framework/Versions/A/Kerberos
0x0000000008185000 	/System/Library/Frameworks/GSS.framework/Versions/A/GSS
0x0000000008185000 	/usr/lib/libresolv.9.dylib
0x0000000008185000 	/usr/lib/libiconv.2.dylib
0x0000000008185000 	/System/Library/PrivateFrameworks/Heimdal.framework/Versions/A/Heimdal
0x0000000008185000 	/usr/lib/libheimdal-asn1.dylib
0x0000000008185000 	/System/Library/Frameworks/OpenDirectory.framework/Versions/A/OpenDirectory
0x0000000008185000 	/System/Library/PrivateFrameworks/CommonAuth.framework/Versions/A/CommonAuth
0x0000000008185000 	/System/Library/Frameworks/OpenDirectory.framework/Versions/A/Frameworks/CFOpenDirectory.framework/Versions/A/CFOpenDirectory
0x0000000008185000 	/System/Library/Frameworks/SecurityFoundation.framework/Versions/A/SecurityFoundation
0x0000000008185000 	/System/Library/PrivateFrameworks/LanguageModeling.framework/Versions/A/LanguageModeling
0x0000000008185000 	/usr/lib/libcmph.dylib
0x0000000008185000 	/System/Library/Frameworks/ServiceManagement.framework/Versions/A/ServiceManagement
0x0000000008185000 	/usr/lib/libxslt.1.dylib
0x0000000008185000 	/System/Library/Frameworks/Carbon.framework/Versions/A/Frameworks/Ink.framework/Versions/A/Ink
0x0000000008185000 	/System/Library/Frameworks/QuartzCore.framework/Versions/A/Frameworks/CoreImage.framework/Versions/A/CoreImage
0x0000000008185000 	/System/Library/PrivateFrameworks/CrashReporterSupport.framework/Versions/A/CrashReporterSupport
0x0000000008185000 	/System/Library/Frameworks/OpenCL.framework/Versions/A/OpenCL
0x0000000008185000 	/System/Library/PrivateFrameworks/FaceCore.framework/Versions/A/FaceCore
0x0000000008185000 	/System/Library/PrivateFrameworks/Ubiquity.framework/Versions/A/Ubiquity
0x0000000008185000 	/System/Library/PrivateFrameworks/IconServices.framework/Versions/A/IconServices
0x0000000008185000 	/System/Library/PrivateFrameworks/ChunkingLibrary.framework/Versions/A/ChunkingLibrary
0x0000000008185000 	/System/Library/PrivateFrameworks/Apple80211.framework/Versions/A/Apple80211
0x0000000008185000 	/System/Library/Frameworks/CoreWLAN.framework/Versions/A/CoreWLAN
0x0000000008185000 	/System/Library/Frameworks/IOBluetooth.framework/Versions/A/IOBluetooth
0x0000000008185000 	/System/Library/PrivateFrameworks/CoreWiFi.framework/Versions/A/CoreWiFi
0x0000000008185000 	/System/Library/Frameworks/CoreBluetooth.framework/Versions/A/CoreBluetooth
0x0000000008185000 	/System/Library/PrivateFrameworks/DebugSymbols.framework/Versions/A/DebugSymbols
0x0000000008185000 	/System/Library/PrivateFrameworks/CoreSymbolication.framework/Versions/A/CoreSymbolication
0x0000000008185000 	/System/Library/PrivateFrameworks/Symbolication.framework/Versions/A/Symbolication
0x0000000008185000 	/System/Library/PrivateFrameworks/SpeechRecognitionCore.framework/Versions/A/SpeechRecognitionCore
0x0000000105c00000 	/Library/Java/JavaVirtualMachines/jdk1.8.0_51.jdk/Contents/Home/jre/lib/server/libjvm.dylib
0x0000000008185000 	/usr/lib/libstdc++.6.dylib
0x000000010536d000 	/Library/Java/JavaVirtualMachines/jdk1.8.0_51.jdk/Contents/Home/jre/lib/libverify.dylib
0x000000010537b000 	/Library/Java/JavaVirtualMachines/jdk1.8.0_51.jdk/Contents/Home/jre/lib/libjava.dylib
0x00000001053ba000 	/Library/Java/JavaVirtualMachines/jdk1.8.0_51.jdk/Contents/Home/jre/lib/libzip.dylib
0x000000011a63c000 	/System/Library/Frameworks/JavaVM.framework/Frameworks/JavaRuntimeSupport.framework/JavaRuntimeSupport
0x000000011a654000 	/System/Library/Frameworks/JavaVM.framework/Versions/A/Frameworks/JavaNativeFoundation.framework/Versions/A/JavaNativeFoundation
0x000000011a669000 	/System/Library/Frameworks/JavaVM.framework/Versions/A/JavaVM
0x0000000008185000 	/System/Library/Frameworks/Carbon.framework/Versions/A/Carbon
0x000000011a676000 	/System/Library/PrivateFrameworks/JavaLaunching.framework/Versions/A/JavaLaunching
0x0000000008185000 	/System/Library/Frameworks/Carbon.framework/Versions/A/Frameworks/CommonPanels.framework/Versions/A/CommonPanels
0x0000000008185000 	/System/Library/Frameworks/Carbon.framework/Versions/A/Frameworks/Help.framework/Versions/A/Help
0x0000000008185000 	/System/Library/Frameworks/Carbon.framework/Versions/A/Frameworks/ImageCapture.framework/Versions/A/ImageCapture
0x0000000008185000 	/System/Library/Frameworks/Carbon.framework/Versions/A/Frameworks/OpenScripting.framework/Versions/A/OpenScripting
0x0000000008185000 	/System/Library/Frameworks/Carbon.framework/Versions/A/Frameworks/Print.framework/Versions/A/Print
0x0000000008185000 	/System/Library/Frameworks/Carbon.framework/Versions/A/Frameworks/SecurityHI.framework/Versions/A/SecurityHI

VM Arguments:
jvm_args: -Xmx1024M -Dfile.encoding=UTF-8 -Duser.country=US -Duser.language=en -Duser.variant 
java_command: com.android.dx.command.Main --dex --num-threads=4 --output /Users/andela/helpmebuy/app/build/intermediates/transforms/DEX/FULL_PROJECT/dex/debug /Users/andela/helpmebuy/app/build/intermediates/transforms/CLASSES_and_RESOURCES/EXTERNAL_LIBRARIES/extractJars/debug/jackson-databind-2.2.2.jar--854945024 /Users/andela/helpmebuy/app/build/intermediates/transforms/CLASSES_and_RESOURCES/EXTERNAL_LIBRARIES/extractJars/debug/classes.jar--366458326 /Users/andela/helpmebuy/app/build/intermediates/transforms/CLASSES_and_RESOURCES/EXTERNAL_LIBRARIES/extractJars/debug/classes.jar-1713860393 /Users/andela/helpmebuy/app/build/intermediates/transforms/CLASSES_and_RESOURCES/EXTERNAL_LIBRARIES/extractJars/debug/joda-time-2.8.2.jar-152497300 /Users/andela/helpmebuy/app/build/intermediates/transforms/CLASSES_and_RESOURCES/EXTERNAL_LIBRARIES/extractJars/debug/classes.jar--957949426 /Users/andela/helpmebuy/app/build/intermediates/transforms/CLASSES_and_RESOURCES/EXTERNAL_LIBRARIES/extractJars/debug/tubesock-0.0.12.jar-505000698 /Users/andela/helpmebuy/app/build/intermediates/classes/debug /Users/andela/helpmebuy/app/build/intermediates/transforms/CLASSES_and_RESOURCES/EXTERNAL_LIBRARIES/extractJars/debug/classes.jar-1164932055 /Users/andela/helpmebuy/app/build/intermediates/transforms/CLASSES_and_RESOURCES/EXTERNAL_LIBRARIES/extractJars/debug/classes.jar-2165530 /Users/andela/helpmebuy/app/build/intermediates/transforms/CLASSES_and_RESOURCES/EXTERNAL_LIBRARIES/extractJars/debug/picasso-2.5.2.jar-1878953177 /Users/andela/helpmebuy/app/build/intermediates/transforms/CLASSES_and_RESOURCES/EXTERNAL_LIBRARIES/extractJars/debug/classes.jar--785810624 /Users/andela/helpmebuy/app/build/intermediates/transforms/CLASSES_and_RESOURCES/EXTERNAL_LIBRARIES/extractJars/debug/classes.jar-1732617515 /Users/andela/helpmebuy/app/build/intermediates/transforms/CLASSES_and_RESOURCES/EXTERNAL_LIBRARIES/extractJars/debug/firebase-client-jvm-2.4.1.jar-1378958323 /Users/andela/helpmebuy/app/build/i
java_class_path (initial): /Users/andela/Library/Android/sdk/build-tools/23.0.1/lib/dx.jar
Launcher Type: SUN_STANDARD

Environment Variables:
PATH=/usr/bin:/bin:/usr/sbin:/sbin
SHELL=/bin/zsh

Signal Handlers:
SIGSEGV: [libjvm.dylib+0x58ef35], sa_mask[0]=11111111011111110111111111111111, sa_flags=SA_ONSTACK|SA_RESTART|SA_SIGINFO
SIGBUS: [libjvm.dylib+0x58ef35], sa_mask[0]=11111111011111110111111111111111, sa_flags=SA_RESTART|SA_SIGINFO
SIGFPE: [libjvm.dylib+0x46c028], sa_mask[0]=11111111011111110111111111111111, sa_flags=SA_RESTART|SA_SIGINFO
SIGPIPE: [libjvm.dylib+0x46c028], sa_mask[0]=11111111011111110111111111111111, sa_flags=SA_RESTART|SA_SIGINFO
SIGXFSZ: [libjvm.dylib+0x46c028], sa_mask[0]=11111111011111110111111111111111, sa_flags=SA_RESTART|SA_SIGINFO
SIGILL: [libjvm.dylib+0x46c028], sa_mask[0]=11111111011111110111111111111111, sa_flags=SA_RESTART|SA_SIGINFO
SIGUSR1: SIG_DFL, sa_mask[0]=00000000000000000000000000000000, sa_flags=none
SIGUSR2: [libjvm.dylib+0x46bb46], sa_mask[0]=00100000000000000000000000000000, sa_flags=SA_RESTART|SA_SIGINFO
SIGHUP: [libjvm.dylib+0x46a119], sa_mask[0]=11111111011111110111111111111111, sa_flags=SA_RESTART|SA_SIGINFO
SIGINT: [libjvm.dylib+0x46a119], sa_mask[0]=11111111011111110111111111111111, sa_flags=SA_RESTART|SA_SIGINFO
SIGTERM: [libjvm.dylib+0x46a119], sa_mask[0]=11111111011111110111111111111111, sa_flags=SA_RESTART|SA_SIGINFO
SIGQUIT: [libjvm.dylib+0x46a119], sa_mask[0]=11111111011111110111111111111111, sa_flags=SA_RESTART|SA_SIGINFO


---------------  S Y S T E M  ---------------

OS:Bsduname:Darwin 14.5.0 Darwin Kernel Version 14.5.0: Wed Jul 29 02:26:53 PDT 2015; root:xnu-2782.40.9~1/RELEASE_X86_64 x86_64
rlimit: STACK 8192k, CORE 0k, NPROC 709, NOFILE 10240, AS infinity
load average:7.47 4.34 4.97

CPU:total 4 (2 cores per cpu, 2 threads per core) family 6 model 58 stepping 9, cmov, cx8, fxsr, mmx, sse, sse2, sse3, ssse3, sse4.1, sse4.2, popcnt, avx, aes, clmul, erms, ht, tsc, tscinvbit, tscinv

Memory: 4k page, physical 8388608k(21800k free)

/proc/meminfo:


vm_info: Java HotSpot(TM) 64-Bit Server VM (25.51-b03) for bsd-amd64 JRE (1.8.0_51-b16), built on Jun  8 2015 18:01:11 by "java_re" with gcc 4.2.1 (Based on Apple Inc. build 5658) (LLVM build 2336.11.00)

time: Wed Apr  6 09:11:30 2016
elapsed time: 27 seconds (0d 0h 0m 27s)

