#
# A fatal error has been detected by the Java Runtime Environment:
#
#  SIGSEGV (0xb) at pc=0x00000001102a41b1, pid=7742, tid=8451
#
# JRE version: Java(TM) SE Runtime Environment (8.0_51-b16) (build 1.8.0_51-b16)
# Java VM: Java HotSpot(TM) 64-Bit Server VM (25.51-b03 mixed mode bsd-amd64 compressed oops)
# Problematic frame:
# V  [libjvm.dylib+0x4a41b1]  UpdateOnlyClosure::do_addr(HeapWord*, unsigned long)+0x4f
#
# Failed to write core dump. Core dumps have been disabled. To enable core dumping, try "ulimit -c unlimited" before starting Java again
#
# If you would like to submit a bug report, please visit:
#   http://bugreport.java.com/bugreport/crash.jsp
#

---------------  T H R E A D  ---------------

Current thread (0x00007f9fd881a800):  GCTaskThread [stack: 0x0000000120584000,0x0000000120684000] [id=8451]

siginfo: si_signo: 11 (SIGSEGV), si_code: 1 (SEGV_MAPERR), si_addr: 0x0000000000000070

Registers:
RAX=0x00007f9fd8608080, RBX=0x0000000000155400, RCX=0x0000000003c7e803, RDX=0x0000000110615520
RSP=0x0000000120683c80, RBP=0x0000000120683c80, RSI=0x000000078fd00030, RDI=0x0000000000000068
R8 =0x000000078fd00030, R9 =0x000000001000003e, R10=0x0000000010000000, R11=0x000000000fffff80
R12=0x0000000120683d50, R13=0x0000000001fa0008, R14=0x000000000007f800, R15=0x00000001106c27a0
RIP=0x00000001102a41b1, EFLAGS=0x0000000000010202, ERR=0x0000000000000004
  TRAPNO=0x000000000000000e

Top of Stack: (sp=0x0000000120683c80)
0x0000000120683c80:   0000000120683cf0 000000011027b899
0x0000000120683c90:   0000000110615510 0000000120683d20
0x0000000120683ca0:   000000000554ffff 0000000120683d50
0x0000000120683cb0:   0000000001fe0000 0000000001fe0000
0x0000000120683cc0:   0000000005550000 0000000001fe0000
0x0000000120683cd0:   0000000000000000 00000001103ede60
0x0000000120683ce0:   00000000000001fe 00000000000001a9
0x0000000120683cf0:   0000000120683db0 00000001102a4ec3
0x0000000120683d00:   0000000120683d40 0000000000000000
0x0000000120683d10:   00007f9fd8608080 0000000000000000
0x0000000120683d20:   000000011060ce10 00000001106c27a0
0x0000000120683d30:   00007f9fd8608080 ffffffffffffffff
0x0000000120683d40:   0000000000000000 00007f9fd841ab80
0x0000000120683d50:   00000001106ac1d0 00000001106c27a0
0x0000000120683d60:   00007f9fd8608080 ffffffffffffffff
0x0000000120683d70:   0000000000000000 0000000000000000
0x0000000120683d80:   00007f9fd841ab80 00007f9fd881a800
0x0000000120683d90:   0000000000000000 00000001103ede60
0x0000000120683da0:   00007f9fda9b0de0 0000000000000001
0x0000000120683db0:   0000000120683e90 000000011006bfc9
0x0000000120683dc0:   0000000120683df0 00007f9fd841dd70
0x0000000120683dd0:   00007f9fd841dda0 00007f9fd841ddb0
0x0000000120683de0:   00007f9fd841e188 00000000000003d8
0x0000000120683df0:   00007f9fd881a800 00007f9fd841e190
0x0000000120683e00:   00007f9fd841e1d0 00007f9fd841e1e0
0x0000000120683e10:   00007f9fd841e2b8 00000000000000d8
0x0000000120683e20:   0000000120683e30 0000000000000000
0x0000000120683e30:   00007f9fd881a800 00007f9fd841e190
0x0000000120683e40:   00007f9fd841e1d0 00007f9fd841e1e0
0x0000000120683e50:   00007f9fd841e2b8 00000000000000d8
0x0000000120683e60:   00007f9fd841e3d0 00007f9fd881a800
0x0000000120683e70:   0000000000013d94 00000000000008ff 

Instructions: (pc=0x00000001102a41b1)
0x00000001102a4191:   10 49 89 f0 74 16 48 8d 15 82 13 37 00 8a 4a 08
0x00000001102a41a1:   41 8b 78 08 48 d3 e7 48 03 3a eb 04 49 8b 78 08
0x00000001102a41b1:   81 7f 08 ff ff ff bf 77 0f 48 8b 0f 48 89 c6 4c
0x00000001102a41c1:   89 c2 ff 91 28 01 00 00 31 c0 5d c3 90 55 48 89 

Register to memory mapping:

RAX=0x00007f9fd8608080 is an unknown value
RBX=0x0000000000155400 is an unknown value
RCX=0x0000000003c7e803 is an unknown value
RDX=0x0000000110615520: _ZN8Universe13_narrow_klassE+0 in /Library/Java/JavaVirtualMachines/jdk1.8.0_51.jdk/Contents/Home/jre/lib/server/libjvm.dylib at 0x000000010fe00000
RSP=0x0000000120683c80 is an unknown value
RBP=0x0000000120683c80 is an unknown value
RSI=
[error occurred during error reporting (printing register info), id 0xb]

Stack: [0x0000000120584000,0x0000000120684000],  sp=0x0000000120683c80,  free space=1023k
Native frames: (J=compiled Java code, j=interpreted, Vv=VM code, C=native code)
V  [libjvm.dylib+0x4a41b1]  UpdateOnlyClosure::do_addr(HeapWord*, unsigned long)+0x4f
V  [libjvm.dylib+0x47b899]  ParMarkBitMap::iterate(ParMarkBitMapClosure*, ParMarkBitMapClosure*, unsigned long, unsigned long, unsigned long) const+0x24f
V  [libjvm.dylib+0x4a4ec3]  PSParallelCompact::update_and_deadwood_in_dense_prefix(ParCompactionManager*, PSParallelCompact::SpaceId, unsigned long, unsigned long)+0x15d
V  [libjvm.dylib+0x26bfc9]  GCTaskThread::run()+0x1a1
V  [libjvm.dylib+0x46e99e]  java_start(Thread*)+0xf6
C  [libsystem_pthread.dylib+0x405a]  _pthread_body+0x83
C  [libsystem_pthread.dylib+0x3fd7]  _pthread_body+0x0
C  [libsystem_pthread.dylib+0x13ed]  thread_start+0xd


---------------  P R O C E S S  ---------------

Java Threads: ( => current thread )
  0x00007f9fd9074800 JavaThread "pool-1-thread-4" [_thread_blocked, id=20995, stack(0x0000000126c01000,0x0000000126d01000)]
  0x00007f9fd88f2000 JavaThread "pool-1-thread-3" [_thread_blocked, id=20483, stack(0x0000000126afe000,0x0000000126bfe000)]
  0x00007f9fd900f000 JavaThread "pool-1-thread-2" [_thread_blocked, id=19971, stack(0x00000001269fb000,0x0000000126afb000)]
  0x00007f9fd9818000 JavaThread "pool-2-thread-1" [_thread_blocked, id=19459, stack(0x00000001268f8000,0x00000001269f8000)]
  0x00007f9fd981e000 JavaThread "pool-1-thread-1" [_thread_blocked, id=18947, stack(0x00000001267f5000,0x00000001268f5000)]
  0x00007f9fd900e800 JavaThread "Service Thread" daemon [_thread_blocked, id=17923, stack(0x00000001265a7000,0x00000001266a7000)]
  0x00007f9fda021000 JavaThread "C1 CompilerThread2" daemon [_thread_blocked, id=17411, stack(0x00000001264a4000,0x00000001265a4000)]
  0x00007f9fda026000 JavaThread "C2 CompilerThread1" daemon [_thread_blocked, id=16899, stack(0x00000001263a1000,0x00000001264a1000)]
  0x00007f9fda025800 JavaThread "C2 CompilerThread0" daemon [_thread_blocked, id=16387, stack(0x000000012629e000,0x000000012639e000)]
  0x00007f9fda01e000 JavaThread "Signal Dispatcher" daemon [_thread_blocked, id=12307, stack(0x000000012619b000,0x000000012629b000)]
  0x00007f9fda018800 JavaThread "Finalizer" daemon [_thread_blocked, id=11523, stack(0x00000001247fd000,0x00000001248fd000)]
  0x00007f9fda018000 JavaThread "Reference Handler" daemon [_thread_blocked, id=11011, stack(0x00000001246fa000,0x00000001247fa000)]
  0x00007f9fd880e800 JavaThread "main" [_thread_blocked, id=4867, stack(0x0000000110d6a000,0x0000000110e6a000)]

Other Threads:
  0x00007f9fd884b800 VMThread [stack: 0x00000001245f7000,0x00000001246f7000] [id=10499]
  0x00007f9fda022000 WatcherThread [stack: 0x00000001266aa000,0x00000001267aa000] [id=18435]

=>0x00007f9fd881a800 (exited) GCTaskThread [stack: 0x0000000120584000,0x0000000120684000] [id=8451]

VM state:at safepoint (normal execution)

VM Mutex/Monitor currently owned by a thread:  ([mutex/lock_event])
[0x00007f9fd8602c10] Threads_lock - owner thread: 0x00007f9fd884b800
[0x00007f9fd8603110] Heap_lock - owner thread: 0x00007f9fd88f2000

Heap:
 PSYoungGen      total 232960K, used 116736K [0x00000007aab00000, 0x00000007c0000000, 0x00000007c0000000)
  eden space 116736K, 100% used [0x00000007aab00000,0x00000007b1d00000,0x00000007b1d00000)
  from space 116224K, 0% used [0x00000007b8e80000,0x00000007b8e80000,0x00000007c0000000)
  to   space 116224K, 0% used [0x00000007b1d00000,0x00000007b1d00000,0x00000007b8e80000)
 ParOldGen       total 699392K, used 699297K [0x0000000780000000, 0x00000007aab00000, 0x00000007aab00000)
  object space 699392K, 99% used [0x0000000780000000,0x00000007aaae85c8,0x00000007aab00000)
 Metaspace       used 6489K, capacity 7284K, committed 7552K, reserved 1056768K
  class space    used 608K, capacity 620K, committed 640K, reserved 1048576K

Card table byte_map: [0x000000012022c000,0x000000012042d000] byte_map_base: 0x000000011c62c000

Marking Bits: (ParMarkBitMap*) 0x00000001106c27a0
 Begin Bits: [0x000000012098f000, 0x000000012198f000)
 End Bits:   [0x000000012198f000, 0x000000012298f000)

Polling page: 0x000000010f568000

CodeCache: size=245760Kb used=10768Kb max_used=11115Kb free=234991Kb
 bounds [0x0000000110e6c000, 0x00000001119bc000, 0x000000011fe6c000]
 total_blobs=2470 nmethods=2201 adapters=182
 compilation: enabled

Compilation events (10 events):
Event: 48.226 Thread 0x00007f9fda026000 nmethod 1802 0x0000000111467c50 code [0x00000001114682e0, 0x000000011146c6c8]
Event: 48.227 Thread 0x00007f9fda026000 2227       4       java.util.ArrayList::clear (39 bytes)
Event: 48.229 Thread 0x00007f9fda026000 nmethod 2227 0x00000001111c54d0 code [0x00000001111c5620, 0x00000001111c5718]
Event: 48.230 Thread 0x00007f9fda026000 2662       4       com.android.dx.cf.code.RopperMachine::jopToRopOpcode (1103 bytes)
Event: 49.974 Thread 0x00007f9fda025800 nmethod 2794 0x0000000111158fd0 code [0x0000000111159140, 0x00000001111595f8]
Event: 49.974 Thread 0x00007f9fda025800 2831       4       com.android.dx.ssa.SsaMethod::convertRopToSsaBlocks (103 bytes)
Event: 67.485 Thread 0x00007f9fda025800 nmethod 2831 0x00000001117b8b90 code [0x00000001117b8e00, 0x00000001117b9b30]
Event: 70.424 Thread 0x00007f9fda026000 nmethod 2662 0x000000011153b110 code [0x000000011153bae0, 0x000000011153c4b8]
Event: 70.424 Thread 0x00007f9fda026000 2935 %     4       com.android.dx.ssa.SCCP::run @ 53 (298 bytes)
Event: 71.758 Thread 0x00007f9fda025800 2582       4       com.android.dx.cf.code.ValueAwareMachine::run (1142 bytes)

GC Heap History (10 events):
Event: 75.870 GC heap after
Heap after GC invocations=70 (full 30):
 PSYoungGen      total 232960K, used 116736K [0x00000007aab00000, 0x00000007c0000000, 0x00000007c0000000)
  eden space 116736K, 100% used [0x00000007aab00000,0x00000007b1d00000,0x00000007b1d00000)
  from space 116224K, 0% used [0x00000007b8e80000,0x00000007b8e80000,0x00000007c0000000)
  to   space 116224K, 0% used [0x00000007b1d00000,0x00000007b1d00000,0x00000007b8e80000)
 ParOldGen       total 699392K, used 699239K [0x0000000780000000, 0x00000007aab00000, 0x00000007aab00000)
  object space 699392K, 99% used [0x0000000780000000,0x00000007aaad9f80,0x00000007aab00000)
 Metaspace       used 6489K, capacity 7284K, committed 7552K, reserved 1056768K
  class space    used 608K, capacity 620K, committed 640K, reserved 1048576K
}
Event: 75.871 GC heap before
{Heap before GC invocations=71 (full 31):
 PSYoungGen      total 232960K, used 116736K [0x00000007aab00000, 0x00000007c0000000, 0x00000007c0000000)
  eden space 116736K, 100% used [0x00000007aab00000,0x00000007b1d00000,0x00000007b1d00000)
  from space 116224K, 0% used [0x00000007b8e80000,0x00000007b8e80000,0x00000007c0000000)
  to   space 116224K, 0% used [0x00000007b1d00000,0x00000007b1d00000,0x00000007b8e80000)
 ParOldGen       total 699392K, used 699243K [0x0000000780000000, 0x00000007aab00000, 0x00000007aab00000)
  object space 699392K, 99% used [0x0000000780000000,0x00000007aaadad80,0x00000007aab00000)
 Metaspace       used 6489K, capacity 7284K, committed 7552K, reserved 1056768K
  class space    used 608K, capacity 620K, committed 640K, reserved 1048576K
Event: 77.249 GC heap after
Heap after GC invocations=71 (full 31):
 PSYoungGen      total 232960K, used 116736K [0x00000007aab00000, 0x00000007c0000000, 0x00000007c0000000)
  eden space 116736K, 100% used [0x00000007aab00000,0x00000007b1d00000,0x00000007b1d00000)
  from space 116224K, 0% used [0x00000007b8e80000,0x00000007b8e80000,0x00000007c0000000)
  to   space 116224K, 0% used [0x00000007b1d00000,0x00000007b1d00000,0x00000007b8e80000)
 ParOldGen       total 699392K, used 699243K [0x0000000780000000, 0x00000007aab00000, 0x00000007aab00000)
  object space 699392K, 99% used [0x0000000780000000,0x00000007aaadad80,0x00000007aab00000)
 Metaspace       used 6489K, capacity 7284K, committed 7552K, reserved 1056768K
  class space    used 608K, capacity 620K, committed 640K, reserved 1048576K
}
Event: 77.249 GC heap before
{Heap before GC invocations=72 (full 32):
 PSYoungGen      total 232960K, used 116736K [0x00000007aab00000, 0x00000007c0000000, 0x00000007c0000000)
  eden space 116736K, 100% used [0x00000007aab00000,0x00000007b1d00000,0x00000007b1d00000)
  from space 116224K, 0% used [0x00000007b8e80000,0x00000007b8e80000,0x00000007c0000000)
  to   space 116224K, 0% used [0x00000007b1d00000,0x00000007b1d00000,0x00000007b8e80000)
 ParOldGen       total 699392K, used 699246K [0x0000000780000000, 0x00000007aab00000, 0x00000007aab00000)
  object space 699392K, 99% used [0x0000000780000000,0x00000007aaadb8f8,0x00000007aab00000)
 Metaspace       used 6489K, capacity 7284K, committed 7552K, reserved 1056768K
  class space    used 608K, capacity 620K, committed 640K, reserved 1048576K
Event: 78.831 GC heap after
Heap after GC invocations=72 (full 32):
 PSYoungGen      total 232960K, used 116736K [0x00000007aab00000, 0x00000007c0000000, 0x00000007c0000000)
  eden space 116736K, 100% used [0x00000007aab00000,0x00000007b1d00000,0x00000007b1d00000)
  from space 116224K, 0% used [0x00000007b8e80000,0x00000007b8e80000,0x00000007c0000000)
  to   space 116224K, 0% used [0x00000007b1d00000,0x00000007b1d00000,0x00000007b8e80000)
 ParOldGen       total 699392K, used 699245K [0x0000000780000000, 0x00000007aab00000, 0x00000007aab00000)
  object space 699392K, 99% used [0x0000000780000000,0x00000007aaadb598,0x00000007aab00000)
 Metaspace       used 6489K, capacity 7284K, committed 7552K, reserved 1056768K
  class space    used 608K, capacity 620K, committed 640K, reserved 1048576K
}
Event: 78.831 GC heap before
{Heap before GC invocations=73 (full 33):
 PSYoungGen      total 232960K, used 116736K [0x00000007aab00000, 0x00000007c0000000, 0x00000007c0000000)
  eden space 116736K, 100% used [0x00000007aab00000,0x00000007b1d00000,0x00000007b1d00000)
  from space 116224K, 0% used [0x00000007b8e80000,0x00000007b8e80000,0x00000007c0000000)
  to   space 116224K, 0% used [0x00000007b1d00000,0x00000007b1d00000,0x00000007b8e80000)
 ParOldGen       total 699392K, used 699261K [0x0000000780000000, 0x00000007aab00000, 0x00000007aab00000)
  object space 699392K, 99% used [0x0000000780000000,0x00000007aaadf6a8,0x00000007aab00000)
 Metaspace       used 6489K, capacity 7284K, committed 7552K, reserved 1056768K
  class space    used 608K, capacity 620K, committed 640K, reserved 1048576K
Event: 80.264 GC heap after
Heap after GC invocations=73 (full 33):
 PSYoungGen      total 232960K, used 116736K [0x00000007aab00000, 0x00000007c0000000, 0x00000007c0000000)
  eden space 116736K, 100% used [0x00000007aab00000,0x00000007b1d00000,0x00000007b1d00000)
  from space 116224K, 0% used [0x00000007b8e80000,0x00000007b8e80000,0x00000007c0000000)
  to   space 116224K, 0% used [0x00000007b1d00000,0x00000007b1d00000,0x00000007b8e80000)
 ParOldGen       total 699392K, used 699253K [0x0000000780000000, 0x00000007aab00000, 0x00000007aab00000)
  object space 699392K, 99% used [0x0000000780000000,0x00000007aaadd4c8,0x00000007aab00000)
 Metaspace       used 6489K, capacity 7284K, committed 7552K, reserved 1056768K
  class space    used 608K, capacity 620K, committed 640K, reserved 1048576K
}
Event: 80.264 GC heap before
{Heap before GC invocations=74 (full 34):
 PSYoungGen      total 232960K, used 116736K [0x00000007aab00000, 0x00000007c0000000, 0x00000007c0000000)
  eden space 116736K, 100% used [0x00000007aab00000,0x00000007b1d00000,0x00000007b1d00000)
  from space 116224K, 0% used [0x00000007b8e80000,0x00000007b8e80000,0x00000007c0000000)
  to   space 116224K, 0% used [0x00000007b1d00000,0x00000007b1d00000,0x00000007b8e80000)
 ParOldGen       total 699392K, used 699297K [0x0000000780000000, 0x00000007aab00000, 0x00000007aab00000)
  object space 699392K, 99% used [0x0000000780000000,0x00000007aaae85c8,0x00000007aab00000)
 Metaspace       used 6489K, capacity 7284K, committed 7552K, reserved 1056768K
  class space    used 608K, capacity 620K, committed 640K, reserved 1048576K
Event: 81.639 GC heap after
Heap after GC invocations=74 (full 34):
 PSYoungGen      total 232960K, used 116736K [0x00000007aab00000, 0x00000007c0000000, 0x00000007c0000000)
  eden space 116736K, 100% used [0x00000007aab00000,0x00000007b1d00000,0x00000007b1d00000)
  from space 116224K, 0% used [0x00000007b8e80000,0x00000007b8e80000,0x00000007c0000000)
  to   space 116224K, 0% used [0x00000007b1d00000,0x00000007b1d00000,0x00000007b8e80000)
 ParOldGen       total 699392K, used 699253K [0x0000000780000000, 0x00000007aab00000, 0x00000007aab00000)
  object space 699392K, 99% used [0x0000000780000000,0x00000007aaadd4c8,0x00000007aab00000)
 Metaspace       used 6489K, capacity 7284K, committed 7552K, reserved 1056768K
  class space    used 608K, capacity 620K, committed 640K, reserved 1048576K
}
Event: 81.639 GC heap before
{Heap before GC invocations=75 (full 35):
 PSYoungGen      total 232960K, used 116736K [0x00000007aab00000, 0x00000007c0000000, 0x00000007c0000000)
  eden space 116736K, 100% used [0x00000007aab00000,0x00000007b1d00000,0x00000007b1d00000)
  from space 116224K, 0% used [0x00000007b8e80000,0x00000007b8e80000,0x00000007c0000000)
  to   space 116224K, 0% used [0x00000007b1d00000,0x00000007b1d00000,0x00000007b8e80000)
 ParOldGen       total 699392K, used 699297K [0x0000000780000000, 0x00000007aab00000, 0x00000007aab00000)
  object space 699392K, 99% used [0x0000000780000000,0x00000007aaae85c8,0x00000007aab00000)
 Metaspace       used 6489K, capacity 7284K, committed 7552K, reserved 1056768K
  class space    used 608K, capacity 620K, committed 640K, reserved 1048576K

Deoptimization events (10 events):
Event: 16.789 Thread 0x00007f9fd880e800 Uncommon trap: reason=bimorphic action=maybe_recompile pc=0x000000011191d76c method=com.android.dx.cf.code.BaseMachine.getLocalTarget(Z)Lcom/android/dx/rop/code/RegisterSpec; @ 70
Event: 18.751 Thread 0x00007f9fd981e000 Uncommon trap: reason=unstable_if action=reinterpret pc=0x000000011149fdf8 method=com.android.dx.dex.code.OutputFinisher.hasLocalInfo(Lcom/android/dx/dex/code/DalvInsn;)Z @ 24
Event: 22.610 Thread 0x00007f9fd9074800 Uncommon trap: reason=unstable_if action=reinterpret pc=0x0000000111941be4 method=com.android.dx.cf.code.Merger.isPossiblyAssignableFrom(Lcom/android/dx/rop/type/TypeBearer;Lcom/android/dx/rop/type/TypeBearer;)Z @ 131
Event: 28.145 Thread 0x00007f9fd88f2000 Uncommon trap: reason=unstable_if action=reinterpret pc=0x000000011188eea0 method=com.android.dx.ssa.DeadCodeRemover.pruneDeadInstructions()V @ 49
Event: 28.148 Thread 0x00007f9fd88f2000 Uncommon trap: reason=unstable_if action=reinterpret pc=0x00000001114def48 method=com.android.dx.ssa.SsaMethod.onInsnRemoved(Lcom/android/dx/ssa/SsaInsn;)V @ 29
Event: 28.148 Thread 0x00007f9fd88f2000 Uncommon trap: reason=unstable_if action=reinterpret pc=0x0000000111048a64 method=com.android.dx.ssa.PhiInsn.getSources()Lcom/android/dx/rop/code/RegisterSpecList; @ 19
Event: 28.725 Thread 0x00007f9fd880e800 Uncommon trap: reason=bimorphic action=maybe_recompile pc=0x0000000111655788 method=com.android.dx.ssa.NormalSsaInsn.changeOneSource(ILcom/android/dx/rop/code/RegisterSpec;)V @ 113
Event: 29.038 Thread 0x00007f9fd981e000 Uncommon trap: reason=bimorphic action=maybe_recompile pc=0x0000000111655788 method=com.android.dx.ssa.NormalSsaInsn.changeOneSource(ILcom/android/dx/rop/code/RegisterSpec;)V @ 113
Event: 29.285 Thread 0x00007f9fd900f000 Uncommon trap: reason=unstable_if action=reinterpret pc=0x000000011111f650 method=com.android.dx.cf.code.ExecutionStack.<init>(I)V @ 2
Event: 30.658 Thread 0x00007f9fd88f2000 Uncommon trap: reason=unstable_if action=reinterpret pc=0x000000011127cb20 method=java.util.BitSet.clone()Ljava/lang/Object; @ 4

Internal exceptions (10 events):
Event: 0.534 Thread 0x00007f9fd880e800 Exception <a 'java/util/zip/ZipException'> (0x00000007aad1e928) thrown at [/Users/java_re/workspace/8-2-build-macosx-x86_64/jdk8u51/3951/hotspot/src/share/vm/prims/jni.cpp, line 709]
Event: 0.534 Thread 0x00007f9fd880e800 Exception <a 'java/security/PrivilegedActionException'> (0x00000007aad1ead8) thrown at [/Users/java_re/workspace/8-2-build-macosx-x86_64/jdk8u51/3951/hotspot/src/share/vm/prims/jvm.cpp, line 1382]
Event: 0.534 Thread 0x00007f9fd880e800 Exception <a 'java/security/PrivilegedActionException'> (0x00000007aad1ec90) thrown at [/Users/java_re/workspace/8-2-build-macosx-x86_64/jdk8u51/3951/hotspot/src/share/vm/prims/jvm.cpp, line 1382]
Event: 0.599 Thread 0x00007f9fd880e800 Exception <a 'java/util/zip/ZipException'> (0x00000007aad30878) thrown at [/Users/java_re/workspace/8-2-build-macosx-x86_64/jdk8u51/3951/hotspot/src/share/vm/prims/jni.cpp, line 709]
Event: 0.599 Thread 0x00007f9fd880e800 Exception <a 'java/security/PrivilegedActionException'> (0x00000007aad30a28) thrown at [/Users/java_re/workspace/8-2-build-macosx-x86_64/jdk8u51/3951/hotspot/src/share/vm/prims/jvm.cpp, line 1382]
Event: 0.599 Thread 0x00007f9fd880e800 Exception <a 'java/security/PrivilegedActionException'> (0x00000007aad30be0) thrown at [/Users/java_re/workspace/8-2-build-macosx-x86_64/jdk8u51/3951/hotspot/src/share/vm/prims/jvm.cpp, line 1382]
Event: 5.946 Thread 0x00007f9fd880e800 Exception <a 'java/lang/ArrayIndexOutOfBoundsException': 18> (0x00000007b29c87f8) thrown at [/Users/java_re/workspace/8-2-build-macosx-x86_64/jdk8u51/3951/hotspot/src/share/vm/interpreter/interpreterRuntime.cpp, line 366]
Event: 5.947 Thread 0x00007f9fd880e800 Exception <a 'java/lang/ArrayIndexOutOfBoundsException': 145> (0x00000007b29ca2c8) thrown at [/Users/java_re/workspace/8-2-build-macosx-x86_64/jdk8u51/3951/hotspot/src/share/vm/interpreter/interpreterRuntime.cpp, line 366]
Event: 5.949 Thread 0x00007f9fd880e800 Exception <a 'java/lang/ArrayIndexOutOfBoundsException'> (0x00000007b29cb500) thrown at [/Users/java_re/workspace/8-2-build-macosx-x86_64/jdk8u51/3951/hotspot/src/share/vm/runtime/sharedRuntime.cpp, line 605]
Event: 28.147 Thread 0x00007f9fd88f2000 Implicit null exception at 0x00000001114dd592 to 0x00000001114deef9

Events (10 events):
Event: 75.870 Executing VM operation: ParallelGCFailedAllocation done
Event: 75.871 Executing VM operation: ParallelGCFailedAllocation
Event: 77.249 Executing VM operation: ParallelGCFailedAllocation done
Event: 77.249 Executing VM operation: ParallelGCFailedAllocation
Event: 78.831 Executing VM operation: ParallelGCFailedAllocation done
Event: 78.831 Executing VM operation: ParallelGCFailedAllocation
Event: 80.264 Executing VM operation: ParallelGCFailedAllocation done
Event: 80.264 Executing VM operation: ParallelGCFailedAllocation
Event: 81.639 Executing VM operation: ParallelGCFailedAllocation done
Event: 81.639 Executing VM operation: ParallelGCFailedAllocation


Dynamic libraries:
0x00000000014b5000 	/System/Library/Frameworks/Cocoa.framework/Versions/A/Cocoa
0x00000000014b5000 	/System/Library/Frameworks/Security.framework/Versions/A/Security
0x00000000014b5000 	/System/Library/Frameworks/ApplicationServices.framework/Versions/A/ApplicationServices
0x00000000014b5000 	/usr/lib/libz.1.dylib
0x00000000014b5000 	/usr/lib/libSystem.B.dylib
0x00000000014b5000 	/usr/lib/libobjc.A.dylib
0x00000000014b5000 	/System/Library/Frameworks/CoreFoundation.framework/Versions/A/CoreFoundation
0x00000000014b5000 	/System/Library/Frameworks/Foundation.framework/Versions/C/Foundation
0x00000000014b5000 	/System/Library/Frameworks/AppKit.framework/Versions/C/AppKit
0x00000000014b5000 	/System/Library/Frameworks/CoreData.framework/Versions/A/CoreData
0x00000000014b5000 	/System/Library/PrivateFrameworks/RemoteViewServices.framework/Versions/A/RemoteViewServices
0x00000000014b5000 	/System/Library/PrivateFrameworks/UIFoundation.framework/Versions/A/UIFoundation
0x00000000014b5000 	/System/Library/Frameworks/IOSurface.framework/Versions/A/IOSurface
0x00000000014b5000 	/System/Library/Frameworks/AudioToolbox.framework/Versions/A/AudioToolbox
0x00000000014b5000 	/System/Library/Frameworks/AudioUnit.framework/Versions/A/AudioUnit
0x00000000014b5000 	/System/Library/PrivateFrameworks/DataDetectorsCore.framework/Versions/A/DataDetectorsCore
0x00000000014b5000 	/System/Library/PrivateFrameworks/DesktopServicesPriv.framework/Versions/A/DesktopServicesPriv
0x00000000014b5000 	/System/Library/Frameworks/Carbon.framework/Versions/A/Frameworks/HIToolbox.framework/Versions/A/HIToolbox
0x00000000014b5000 	/System/Library/Frameworks/QuartzCore.framework/Versions/A/QuartzCore
0x00000000014b5000 	/System/Library/Frameworks/Carbon.framework/Versions/A/Frameworks/SpeechRecognition.framework/Versions/A/SpeechRecognition
0x00000000014b5000 	/usr/lib/libauto.dylib
0x00000000014b5000 	/usr/lib/libicucore.A.dylib
0x00000000014b5000 	/usr/lib/libxml2.2.dylib
0x00000000014b5000 	/System/Library/PrivateFrameworks/CoreUI.framework/Versions/A/CoreUI
0x00000000014b5000 	/System/Library/Frameworks/CoreAudio.framework/Versions/A/CoreAudio
0x00000000014b5000 	/System/Library/Frameworks/DiskArbitration.framework/Versions/A/DiskArbitration
0x00000000014b5000 	/usr/lib/liblangid.dylib
0x00000000014b5000 	/System/Library/PrivateFrameworks/MultitouchSupport.framework/Versions/A/MultitouchSupport
0x00000000014b5000 	/System/Library/Frameworks/IOKit.framework/Versions/A/IOKit
0x00000000014b5000 	/usr/lib/libDiagnosticMessagesClient.dylib
0x00000000014b5000 	/System/Library/Frameworks/CoreServices.framework/Versions/A/CoreServices
0x00000000014b5000 	/System/Library/PrivateFrameworks/PerformanceAnalysis.framework/Versions/A/PerformanceAnalysis
0x00000000014b5000 	/System/Library/PrivateFrameworks/GenerationalStorage.framework/Versions/A/GenerationalStorage
0x00000000014b5000 	/System/Library/Frameworks/OpenGL.framework/Versions/A/OpenGL
0x00000000014b5000 	/System/Library/PrivateFrameworks/Sharing.framework/Versions/A/Sharing
0x00000000014b5000 	/System/Library/Frameworks/CoreGraphics.framework/Versions/A/CoreGraphics
0x00000000014b5000 	/System/Library/Frameworks/CoreText.framework/Versions/A/CoreText
0x00000000014b5000 	/System/Library/Frameworks/ImageIO.framework/Versions/A/ImageIO
0x00000000014b5000 	/usr/lib/libextension.dylib
0x00000000014b5000 	/System/Library/PrivateFrameworks/Backup.framework/Versions/A/Backup
0x00000000014b5000 	/usr/lib/libarchive.2.dylib
0x00000000014b5000 	/System/Library/Frameworks/CFNetwork.framework/Versions/A/CFNetwork
0x00000000014b5000 	/System/Library/Frameworks/SystemConfiguration.framework/Versions/A/SystemConfiguration
0x00000000014b5000 	/usr/lib/libCRFSuite.dylib
0x00000000014b5000 	/usr/lib/libc++.1.dylib
0x00000000014b5000 	/usr/lib/libc++abi.dylib
0x00000000014b5000 	/usr/lib/system/libcache.dylib
0x00000000014b5000 	/usr/lib/system/libcommonCrypto.dylib
0x00000000014b5000 	/usr/lib/system/libcompiler_rt.dylib
0x00000000014b5000 	/usr/lib/system/libcopyfile.dylib
0x00000000014b5000 	/usr/lib/system/libcorecrypto.dylib
0x00000000014b5000 	/usr/lib/system/libdispatch.dylib
0x00000000014b5000 	/usr/lib/system/libdyld.dylib
0x00000000014b5000 	/usr/lib/system/libkeymgr.dylib
0x00000000014b5000 	/usr/lib/system/liblaunch.dylib
0x00000000014b5000 	/usr/lib/system/libmacho.dylib
0x00000000014b5000 	/usr/lib/system/libquarantine.dylib
0x00000000014b5000 	/usr/lib/system/libremovefile.dylib
0x00000000014b5000 	/usr/lib/system/libsystem_asl.dylib
0x00000000014b5000 	/usr/lib/system/libsystem_blocks.dylib
0x00000000014b5000 	/usr/lib/system/libsystem_c.dylib
0x00000000014b5000 	/usr/lib/system/libsystem_configuration.dylib
0x00000000014b5000 	/usr/lib/system/libsystem_coreservices.dylib
0x00000000014b5000 	/usr/lib/system/libsystem_coretls.dylib
0x00000000014b5000 	/usr/lib/system/libsystem_dnssd.dylib
0x00000000014b5000 	/usr/lib/system/libsystem_info.dylib
0x00000000014b5000 	/usr/lib/system/libsystem_kernel.dylib
0x00000000014b5000 	/usr/lib/system/libsystem_m.dylib
0x00000000014b5000 	/usr/lib/system/libsystem_malloc.dylib
0x00000000014b5000 	/usr/lib/system/libsystem_network.dylib
0x00000000014b5000 	/usr/lib/system/libsystem_networkextension.dylib
0x00000000014b5000 	/usr/lib/system/libsystem_notify.dylib
0x00000000014b5000 	/usr/lib/system/libsystem_platform.dylib
0x00000000014b5000 	/usr/lib/system/libsystem_pthread.dylib
0x00000000014b5000 	/usr/lib/system/libsystem_sandbox.dylib
0x00000000014b5000 	/usr/lib/system/libsystem_secinit.dylib
0x00000000014b5000 	/usr/lib/system/libsystem_stats.dylib
0x00000000014b5000 	/usr/lib/system/libsystem_trace.dylib
0x00000000014b5000 	/usr/lib/system/libunc.dylib
0x00000000014b5000 	/usr/lib/system/libunwind.dylib
0x00000000014b5000 	/usr/lib/system/libxpc.dylib
0x00000000014b5000 	/usr/lib/libbz2.1.0.dylib
0x00000000014b5000 	/usr/lib/liblzma.5.dylib
0x00000000014b5000 	/usr/lib/libbsm.0.dylib
0x00000000014b5000 	/usr/lib/libsqlite3.dylib
0x00000000014b5000 	/usr/lib/system/libkxld.dylib
0x00000000014b5000 	/usr/lib/libxar.1.dylib
0x00000000014b5000 	/usr/lib/libpam.2.dylib
0x00000000014b5000 	/usr/lib/libOpenScriptingUtil.dylib
0x00000000014b5000 	/System/Library/Frameworks/CoreServices.framework/Versions/A/Frameworks/FSEvents.framework/Versions/A/FSEvents
0x00000000014b5000 	/System/Library/Frameworks/CoreServices.framework/Versions/A/Frameworks/CarbonCore.framework/Versions/A/CarbonCore
0x00000000014b5000 	/System/Library/Frameworks/CoreServices.framework/Versions/A/Frameworks/Metadata.framework/Versions/A/Metadata
0x00000000014b5000 	/System/Library/Frameworks/CoreServices.framework/Versions/A/Frameworks/OSServices.framework/Versions/A/OSServices
0x00000000014b5000 	/System/Library/Frameworks/CoreServices.framework/Versions/A/Frameworks/SearchKit.framework/Versions/A/SearchKit
0x00000000014b5000 	/System/Library/Frameworks/CoreServices.framework/Versions/A/Frameworks/AE.framework/Versions/A/AE
0x00000000014b5000 	/System/Library/Frameworks/CoreServices.framework/Versions/A/Frameworks/LaunchServices.framework/Versions/A/LaunchServices
0x00000000014b5000 	/System/Library/Frameworks/CoreServices.framework/Versions/A/Frameworks/DictionaryServices.framework/Versions/A/DictionaryServices
0x00000000014b5000 	/System/Library/Frameworks/NetFS.framework/Versions/A/NetFS
0x00000000014b5000 	/System/Library/PrivateFrameworks/NetAuth.framework/Versions/A/NetAuth
0x00000000014b5000 	/System/Library/PrivateFrameworks/login.framework/Versions/A/Frameworks/loginsupport.framework/Versions/A/loginsupport
0x00000000014b5000 	/System/Library/PrivateFrameworks/TCC.framework/Versions/A/TCC
0x00000000014b5000 	/usr/lib/libmecabra.dylib
0x00000000014b5000 	/System/Library/Frameworks/ApplicationServices.framework/Versions/A/Frameworks/ATS.framework/Versions/A/ATS
0x00000000014b5000 	/System/Library/Frameworks/ApplicationServices.framework/Versions/A/Frameworks/ColorSync.framework/Versions/A/ColorSync
0x00000000014b5000 	/System/Library/Frameworks/ApplicationServices.framework/Versions/A/Frameworks/HIServices.framework/Versions/A/HIServices
0x00000000014b5000 	/System/Library/Frameworks/ApplicationServices.framework/Versions/A/Frameworks/LangAnalysis.framework/Versions/A/LangAnalysis
0x00000000014b5000 	/System/Library/Frameworks/ApplicationServices.framework/Versions/A/Frameworks/PrintCore.framework/Versions/A/PrintCore
0x00000000014b5000 	/System/Library/Frameworks/ApplicationServices.framework/Versions/A/Frameworks/QD.framework/Versions/A/QD
0x00000000014b5000 	/System/Library/Frameworks/ApplicationServices.framework/Versions/A/Frameworks/SpeechSynthesis.framework/Versions/A/SpeechSynthesis
0x00000000014b5000 	/System/Library/Frameworks/Accelerate.framework/Versions/A/Accelerate
0x00000000014b5000 	/System/Library/Frameworks/Accelerate.framework/Versions/A/Frameworks/vImage.framework/Versions/A/vImage
0x00000000014b5000 	/System/Library/Frameworks/Accelerate.framework/Versions/A/Frameworks/vecLib.framework/Versions/A/vecLib
0x00000000014b5000 	/System/Library/Frameworks/Accelerate.framework/Versions/A/Frameworks/vecLib.framework/Versions/A/libvDSP.dylib
0x00000000014b5000 	/System/Library/Frameworks/Accelerate.framework/Versions/A/Frameworks/vecLib.framework/Versions/A/libvMisc.dylib
0x00000000014b5000 	/System/Library/Frameworks/Accelerate.framework/Versions/A/Frameworks/vecLib.framework/Versions/A/libLAPACK.dylib
0x00000000014b5000 	/System/Library/Frameworks/Accelerate.framework/Versions/A/Frameworks/vecLib.framework/Versions/A/libBLAS.dylib
0x00000000014b5000 	/System/Library/Frameworks/Accelerate.framework/Versions/A/Frameworks/vecLib.framework/Versions/A/libLinearAlgebra.dylib
0x00000000014b5000 	/System/Library/Frameworks/ApplicationServices.framework/Versions/A/Frameworks/ATS.framework/Versions/A/Resources/libFontParser.dylib
0x00000000014b5000 	/System/Library/Frameworks/ApplicationServices.framework/Versions/A/Frameworks/ATS.framework/Versions/A/Resources/libFontRegistry.dylib
0x00000000014b5000 	/System/Library/PrivateFrameworks/AppleVPA.framework/Versions/A/AppleVPA
0x00000000014b5000 	/System/Library/PrivateFrameworks/AppleJPEG.framework/Versions/A/AppleJPEG
0x00000000014b5000 	/System/Library/Frameworks/ImageIO.framework/Versions/A/Resources/libJPEG.dylib
0x00000000014b5000 	/System/Library/Frameworks/ImageIO.framework/Versions/A/Resources/libTIFF.dylib
0x00000000014b5000 	/System/Library/Frameworks/ImageIO.framework/Versions/A/Resources/libPng.dylib
0x00000000014b5000 	/System/Library/Frameworks/ImageIO.framework/Versions/A/Resources/libGIF.dylib
0x00000000014b5000 	/System/Library/Frameworks/ImageIO.framework/Versions/A/Resources/libJP2.dylib
0x00000000014b5000 	/System/Library/Frameworks/ImageIO.framework/Versions/A/Resources/libRadiance.dylib
0x00000000014b5000 	/System/Library/Frameworks/CoreVideo.framework/Versions/A/CoreVideo
0x00000000014b5000 	/System/Library/Frameworks/OpenGL.framework/Versions/A/Libraries/libGLU.dylib
0x00000000014b5000 	/System/Library/Frameworks/OpenGL.framework/Versions/A/Libraries/libGFXShared.dylib
0x00000000014b5000 	/System/Library/Frameworks/OpenGL.framework/Versions/A/Libraries/libGL.dylib
0x00000000014b5000 	/System/Library/Frameworks/OpenGL.framework/Versions/A/Libraries/libGLImage.dylib
0x00000000014b5000 	/System/Library/Frameworks/OpenGL.framework/Versions/A/Libraries/libCVMSPluginSupport.dylib
0x00000000014b5000 	/System/Library/Frameworks/OpenGL.framework/Versions/A/Libraries/libCoreVMClient.dylib
0x00000000014b5000 	/usr/lib/libcups.2.dylib
0x00000000014b5000 	/System/Library/Frameworks/Kerberos.framework/Versions/A/Kerberos
0x00000000014b5000 	/System/Library/Frameworks/GSS.framework/Versions/A/GSS
0x00000000014b5000 	/usr/lib/libresolv.9.dylib
0x00000000014b5000 	/usr/lib/libiconv.2.dylib
0x00000000014b5000 	/System/Library/PrivateFrameworks/Heimdal.framework/Versions/A/Heimdal
0x00000000014b5000 	/usr/lib/libheimdal-asn1.dylib
0x00000000014b5000 	/System/Library/Frameworks/OpenDirectory.framework/Versions/A/OpenDirectory
0x00000000014b5000 	/System/Library/PrivateFrameworks/CommonAuth.framework/Versions/A/CommonAuth
0x00000000014b5000 	/System/Library/Frameworks/OpenDirectory.framework/Versions/A/Frameworks/CFOpenDirectory.framework/Versions/A/CFOpenDirectory
0x00000000014b5000 	/System/Library/Frameworks/SecurityFoundation.framework/Versions/A/SecurityFoundation
0x00000000014b5000 	/System/Library/PrivateFrameworks/LanguageModeling.framework/Versions/A/LanguageModeling
0x00000000014b5000 	/usr/lib/libcmph.dylib
0x00000000014b5000 	/System/Library/Frameworks/ServiceManagement.framework/Versions/A/ServiceManagement
0x00000000014b5000 	/usr/lib/libxslt.1.dylib
0x00000000014b5000 	/System/Library/Frameworks/Carbon.framework/Versions/A/Frameworks/Ink.framework/Versions/A/Ink
0x00000000014b5000 	/System/Library/Frameworks/QuartzCore.framework/Versions/A/Frameworks/CoreImage.framework/Versions/A/CoreImage
0x00000000014b5000 	/System/Library/PrivateFrameworks/CrashReporterSupport.framework/Versions/A/CrashReporterSupport
0x00000000014b5000 	/System/Library/Frameworks/OpenCL.framework/Versions/A/OpenCL
0x00000000014b5000 	/System/Library/PrivateFrameworks/FaceCore.framework/Versions/A/FaceCore
0x00000000014b5000 	/System/Library/PrivateFrameworks/Ubiquity.framework/Versions/A/Ubiquity
0x00000000014b5000 	/System/Library/PrivateFrameworks/IconServices.framework/Versions/A/IconServices
0x00000000014b5000 	/System/Library/PrivateFrameworks/ChunkingLibrary.framework/Versions/A/ChunkingLibrary
0x00000000014b5000 	/System/Library/PrivateFrameworks/Apple80211.framework/Versions/A/Apple80211
0x00000000014b5000 	/System/Library/Frameworks/CoreWLAN.framework/Versions/A/CoreWLAN
0x00000000014b5000 	/System/Library/Frameworks/IOBluetooth.framework/Versions/A/IOBluetooth
0x00000000014b5000 	/System/Library/PrivateFrameworks/CoreWiFi.framework/Versions/A/CoreWiFi
0x00000000014b5000 	/System/Library/Frameworks/CoreBluetooth.framework/Versions/A/CoreBluetooth
0x00000000014b5000 	/System/Library/PrivateFrameworks/DebugSymbols.framework/Versions/A/DebugSymbols
0x00000000014b5000 	/System/Library/PrivateFrameworks/CoreSymbolication.framework/Versions/A/CoreSymbolication
0x00000000014b5000 	/System/Library/PrivateFrameworks/Symbolication.framework/Versions/A/Symbolication
0x00000000014b5000 	/System/Library/PrivateFrameworks/SpeechRecognitionCore.framework/Versions/A/SpeechRecognitionCore
0x000000010fe00000 	/Library/Java/JavaVirtualMachines/jdk1.8.0_51.jdk/Contents/Home/jre/lib/server/libjvm.dylib
0x00000000014b5000 	/usr/lib/libstdc++.6.dylib
0x000000010f525000 	/Library/Java/JavaVirtualMachines/jdk1.8.0_51.jdk/Contents/Home/jre/lib/libverify.dylib
0x000000010f533000 	/Library/Java/JavaVirtualMachines/jdk1.8.0_51.jdk/Contents/Home/jre/lib/libjava.dylib
0x000000010f572000 	/Library/Java/JavaVirtualMachines/jdk1.8.0_51.jdk/Contents/Home/jre/lib/libzip.dylib
0x00000001248ff000 	/System/Library/Frameworks/JavaVM.framework/Frameworks/JavaRuntimeSupport.framework/JavaRuntimeSupport
0x0000000124917000 	/System/Library/Frameworks/JavaVM.framework/Versions/A/Frameworks/JavaNativeFoundation.framework/Versions/A/JavaNativeFoundation
0x000000012492c000 	/System/Library/Frameworks/JavaVM.framework/Versions/A/JavaVM
0x00000000014b5000 	/System/Library/Frameworks/Carbon.framework/Versions/A/Carbon
0x0000000124939000 	/System/Library/PrivateFrameworks/JavaLaunching.framework/Versions/A/JavaLaunching
0x00000000014b5000 	/System/Library/Frameworks/Carbon.framework/Versions/A/Frameworks/CommonPanels.framework/Versions/A/CommonPanels
0x00000000014b5000 	/System/Library/Frameworks/Carbon.framework/Versions/A/Frameworks/Help.framework/Versions/A/Help
0x00000000014b5000 	/System/Library/Frameworks/Carbon.framework/Versions/A/Frameworks/ImageCapture.framework/Versions/A/ImageCapture
0x00000000014b5000 	/System/Library/Frameworks/Carbon.framework/Versions/A/Frameworks/OpenScripting.framework/Versions/A/OpenScripting
0x00000000014b5000 	/System/Library/Frameworks/Carbon.framework/Versions/A/Frameworks/Print.framework/Versions/A/Print
0x00000000014b5000 	/System/Library/Frameworks/Carbon.framework/Versions/A/Frameworks/SecurityHI.framework/Versions/A/SecurityHI

VM Arguments:
jvm_args: -Djava.awt.headless=true -Xmx1024M -Dfile.encoding=UTF-8 -Duser.country=US -Duser.language=en -Duser.variant 
java_command: com.android.dx.command.Main --dex --force-jumbo --num-threads=4 --output /Users/andela/helpmebuy/app/build/intermediates/transforms/dex/debug/folders/1000/1f/main /Users/andela/helpmebuy/app/build/intermediates/transforms/instantRun/debug/folders/1/5/main /Users/andela/helpmebuy/app/build/intermediates/incremental-classes/debug/instant-run-bootstrap.jar /Users/andela/helpmebuy/app/build/intermediates/exploded-aar/com.pnikosis/materialish-progress/1.7/jars/classes.jar /Users/andela/Library/Android/sdk/extras/android/m2repository/com/android/support/support-annotations/23.1.1/support-annotations-23.1.1.jar /Users/andela/helpmebuy/app/build/intermediates/exploded-aar/com.google.android.gms/play-services-identity/8.1.0/jars/classes.jar /Users/andela/.gradle/caches/modules-2/files-2.1/com.firebase/firebase-client-android/2.4.1/77a7ec267e1ab8363f738b27b8fe65f15df18349/firebase-client-android-2.4.1.jar /Users/andela/.gradle/caches/modules-2/files-2.1/com.firebase/tubesock/0.0.12/6ec0bbd3e161a73ed672284b587fd32309a86d7a/tubesock-0.0.12.jar /Users/andela/.gradle/caches/modules-2/files-2.1/com.fasterxml.jackson.core/jackson-annotations/2.2.2/285cb9c666f0f0f3dd8a1be04e1f457eb7b15113/jackson-annotations-2.2.2.jar /Users/andela/.gradle/caches/modules-2/files-2.1/com.parse.bolts/bolts-android/1.2.0/6ee2953ccf51ce72b6d548c30c4633b99eb4f9dd/bolts-android-1.2.0.jar /Users/andela/helpmebuy/app/build/intermediates/incremental-runtime-classes/debug/instant-run.jar /Users/andela/helpmebuy/app/build/intermediates/exploded-aar/com.google.android.gms/play-services-base/8.1.0/jars/classes.jar /Users/andela/helpmebuy/app/build/intermediates/exploded-aar/com.google.android.gms/play-services-appindexing/8.1.0/jars/classes.jar /Users/andela/helpmebuy/app/build/intermediates/exploded-aar/com.google.android.gms/play-services-measurement/8.1.0/jars/classes.jar /Users/andela/.gradle/caches/modules-2/files-2.1/com.squareup.picasso/picasso/2.5.2/7446d06ec8d4f7ffcc53f1da37c95f200dcb938
java_class_path (initial): /Users/andela/Library/Android/sdk/build-tools/23.0.1/lib/dx.jar
Launcher Type: SUN_STANDARD

Environment Variables:
PATH=/usr/bin:/bin:/usr/sbin:/sbin
SHELL=/bin/zsh

Signal Handlers:
SIGSEGV: [libjvm.dylib+0x58ef35], sa_mask[0]=11111111011111110111111111111111, sa_flags=SA_ONSTACK|SA_RESTART|SA_SIGINFO
SIGBUS: [libjvm.dylib+0x58ef35], sa_mask[0]=11111111011111110111111111111111, sa_flags=SA_RESTART|SA_SIGINFO
SIGFPE: [libjvm.dylib+0x46c028], sa_mask[0]=11111111011111110111111111111111, sa_flags=SA_RESTART|SA_SIGINFO
SIGPIPE: [libjvm.dylib+0x46c028], sa_mask[0]=11111111011111110111111111111111, sa_flags=SA_RESTART|SA_SIGINFO
SIGXFSZ: [libjvm.dylib+0x46c028], sa_mask[0]=11111111011111110111111111111111, sa_flags=SA_RESTART|SA_SIGINFO
SIGILL: [libjvm.dylib+0x46c028], sa_mask[0]=11111111011111110111111111111111, sa_flags=SA_RESTART|SA_SIGINFO
SIGUSR1: SIG_DFL, sa_mask[0]=00000000000000000000000000000000, sa_flags=none
SIGUSR2: [libjvm.dylib+0x46bb46], sa_mask[0]=00100000000000000000000000000000, sa_flags=SA_RESTART|SA_SIGINFO
SIGHUP: [libjvm.dylib+0x46a119], sa_mask[0]=11111111011111110111111111111111, sa_flags=SA_RESTART|SA_SIGINFO
SIGINT: [libjvm.dylib+0x46a119], sa_mask[0]=11111111011111110111111111111111, sa_flags=SA_RESTART|SA_SIGINFO
SIGTERM: [libjvm.dylib+0x46a119], sa_mask[0]=11111111011111110111111111111111, sa_flags=SA_RESTART|SA_SIGINFO
SIGQUIT: [libjvm.dylib+0x46a119], sa_mask[0]=11111111011111110111111111111111, sa_flags=SA_RESTART|SA_SIGINFO


---------------  S Y S T E M  ---------------

OS:Bsduname:Darwin 14.5.0 Darwin Kernel Version 14.5.0: Wed Jul 29 02:26:53 PDT 2015; root:xnu-2782.40.9~1/RELEASE_X86_64 x86_64
rlimit: STACK 8192k, CORE 0k, NPROC 709, NOFILE 10240, AS infinity
load average:8.09 4.76 4.16

CPU:total 4 (2 cores per cpu, 2 threads per core) family 6 model 58 stepping 9, cmov, cx8, fxsr, mmx, sse, sse2, sse3, ssse3, sse4.1, sse4.2, popcnt, avx, aes, clmul, erms, ht, tsc, tscinvbit, tscinv

Memory: 4k page, physical 8388608k(20612k free)

/proc/meminfo:


vm_info: Java HotSpot(TM) 64-Bit Server VM (25.51-b03) for bsd-amd64 JRE (1.8.0_51-b16), built on Jun  8 2015 18:01:11 by "java_re" with gcc 4.2.1 (Based on Apple Inc. build 5658) (LLVM build 2336.11.00)

time: Fri Apr  8 12:02:05 2016
elapsed time: 83 seconds (0d 0h 1m 23s)

